{"C:\\Users\\duntu\\Desktop\\more-recipe-server\\src\\test\\allTest.js":{"path":"C:\\Users\\duntu\\Desktop\\more-recipe-server\\src\\test\\allTest.js","statementMap":{"0":{"start":{"line":3,"column":0},"end":{"line":3,"column":37}},"1":{"start":{"line":5,"column":0},"end":{"line":5,"column":39}}},"fnMap":{},"branchMap":{},"s":{"0":1,"1":1},"f":{},"b":{},"_coverageSchema":"332fd63041d2c1bcb487cc26dd0d5f7d97098a6c","hash":"670648e50d72b18146387a2c290b161531362bfb","contentHash":"b0e15c825e40d3a10ed21b011f170dbc_11.6.0"},"C:\\Users\\duntu\\Desktop\\more-recipe-server\\src\\test\\controllers\\users.js":{"path":"C:\\Users\\duntu\\Desktop\\more-recipe-server\\src\\test\\controllers\\users.js","statementMap":{"0":{"start":{"line":3,"column":11},"end":{"line":3,"column":31}},"1":{"start":{"line":5,"column":12},"end":{"line":5,"column":40}},"2":{"start":{"line":7,"column":22},"end":{"line":7,"column":71}},"3":{"start":{"line":9,"column":12},"end":{"line":9,"column":27}},"4":{"start":{"line":11,"column":13},"end":{"line":11,"column":42}},"5":{"start":{"line":13,"column":16},"end":{"line":13,"column":36}},"6":{"start":{"line":15,"column":17},"end":{"line":15,"column":50}},"7":{"start":{"line":17,"column":14},"end":{"line":17,"column":47}},"8":{"start":{"line":19,"column":17},"end":{"line":19,"column":37}},"9":{"start":{"line":21,"column":18},"end":{"line":21,"column":52}},"10":{"start":{"line":23,"column":39},"end":{"line":23,"column":93}},"11":{"start":{"line":26,"column":0},"end":{"line":26,"column":30}},"12":{"start":{"line":28,"column":13},"end":{"line":28,"column":36}},"13":{"start":{"line":29,"column":0},"end":{"line":29,"column":39}},"14":{"start":{"line":30,"column":13},"end":{"line":30,"column":30}},"15":{"start":{"line":32,"column":0},"end":{"line":349,"column":3}},"16":{"start":{"line":33,"column":4},"end":{"line":42,"column":7}},"17":{"start":{"line":34,"column":8},"end":{"line":38,"column":11}},"18":{"start":{"line":39,"column":8},"end":{"line":41,"column":11}},"19":{"start":{"line":40,"column":12},"end":{"line":40,"column":19}},"20":{"start":{"line":43,"column":4},"end":{"line":52,"column":7}},"21":{"start":{"line":44,"column":8},"end":{"line":51,"column":11}},"22":{"start":{"line":45,"column":12},"end":{"line":50,"column":15}},"23":{"start":{"line":46,"column":16},"end":{"line":49,"column":19}},"24":{"start":{"line":47,"column":20},"end":{"line":47,"column":92}},"25":{"start":{"line":47,"column":29},"end":{"line":47,"column":39}},"26":{"start":{"line":47,"column":44},"end":{"line":47,"column":92}},"27":{"start":{"line":48,"column":20},"end":{"line":48,"column":39}},"28":{"start":{"line":53,"column":4},"end":{"line":63,"column":7}},"29":{"start":{"line":54,"column":8},"end":{"line":62,"column":11}},"30":{"start":{"line":55,"column":12},"end":{"line":61,"column":15}},"31":{"start":{"line":56,"column":16},"end":{"line":60,"column":19}},"32":{"start":{"line":57,"column":20},"end":{"line":57,"column":92}},"33":{"start":{"line":57,"column":29},"end":{"line":57,"column":39}},"34":{"start":{"line":57,"column":44},"end":{"line":57,"column":92}},"35":{"start":{"line":58,"column":20},"end":{"line":58,"column":74}},"36":{"start":{"line":59,"column":20},"end":{"line":59,"column":39}},"37":{"start":{"line":64,"column":4},"end":{"line":234,"column":7}},"38":{"start":{"line":65,"column":8},"end":{"line":98,"column":11}},"39":{"start":{"line":67,"column":12},"end":{"line":81,"column":15}},"40":{"start":{"line":68,"column":16},"end":{"line":80,"column":19}},"41":{"start":{"line":74,"column":20},"end":{"line":74,"column":68}},"42":{"start":{"line":75,"column":20},"end":{"line":78,"column":23}},"43":{"start":{"line":79,"column":20},"end":{"line":79,"column":39}},"44":{"start":{"line":83,"column":12},"end":{"line":97,"column":15}},"45":{"start":{"line":84,"column":16},"end":{"line":96,"column":19}},"46":{"start":{"line":90,"column":20},"end":{"line":90,"column":68}},"47":{"start":{"line":91,"column":20},"end":{"line":94,"column":23}},"48":{"start":{"line":95,"column":20},"end":{"line":95,"column":39}},"49":{"start":{"line":100,"column":8},"end":{"line":130,"column":11}},"50":{"start":{"line":101,"column":12},"end":{"line":113,"column":15}},"51":{"start":{"line":102,"column":16},"end":{"line":112,"column":19}},"52":{"start":{"line":108,"column":20},"end":{"line":108,"column":68}},"53":{"start":{"line":109,"column":20},"end":{"line":109,"column":111}},"54":{"start":{"line":110,"column":20},"end":{"line":110,"column":78}},"55":{"start":{"line":111,"column":20},"end":{"line":111,"column":39}},"56":{"start":{"line":115,"column":12},"end":{"line":129,"column":15}},"57":{"start":{"line":116,"column":16},"end":{"line":128,"column":19}},"58":{"start":{"line":122,"column":20},"end":{"line":122,"column":68}},"59":{"start":{"line":123,"column":20},"end":{"line":126,"column":23}},"60":{"start":{"line":127,"column":20},"end":{"line":127,"column":39}},"61":{"start":{"line":132,"column":8},"end":{"line":160,"column":11}},"62":{"start":{"line":133,"column":12},"end":{"line":145,"column":15}},"63":{"start":{"line":134,"column":16},"end":{"line":144,"column":19}},"64":{"start":{"line":140,"column":20},"end":{"line":140,"column":68}},"65":{"start":{"line":141,"column":20},"end":{"line":141,"column":106}},"66":{"start":{"line":142,"column":20},"end":{"line":142,"column":75}},"67":{"start":{"line":143,"column":20},"end":{"line":143,"column":39}},"68":{"start":{"line":147,"column":12},"end":{"line":159,"column":15}},"69":{"start":{"line":148,"column":16},"end":{"line":158,"column":19}},"70":{"start":{"line":154,"column":20},"end":{"line":154,"column":68}},"71":{"start":{"line":155,"column":20},"end":{"line":155,"column":106}},"72":{"start":{"line":156,"column":20},"end":{"line":156,"column":75}},"73":{"start":{"line":157,"column":20},"end":{"line":157,"column":39}},"74":{"start":{"line":162,"column":8},"end":{"line":190,"column":11}},"75":{"start":{"line":163,"column":12},"end":{"line":175,"column":15}},"76":{"start":{"line":164,"column":16},"end":{"line":174,"column":19}},"77":{"start":{"line":170,"column":20},"end":{"line":170,"column":68}},"78":{"start":{"line":171,"column":20},"end":{"line":171,"column":127}},"79":{"start":{"line":172,"column":20},"end":{"line":172,"column":78}},"80":{"start":{"line":173,"column":20},"end":{"line":173,"column":39}},"81":{"start":{"line":177,"column":12},"end":{"line":189,"column":15}},"82":{"start":{"line":178,"column":16},"end":{"line":188,"column":19}},"83":{"start":{"line":184,"column":20},"end":{"line":184,"column":68}},"84":{"start":{"line":185,"column":20},"end":{"line":185,"column":169}},"85":{"start":{"line":186,"column":20},"end":{"line":186,"column":78}},"86":{"start":{"line":187,"column":20},"end":{"line":187,"column":39}},"87":{"start":{"line":192,"column":8},"end":{"line":205,"column":11}},"88":{"start":{"line":193,"column":12},"end":{"line":204,"column":15}},"89":{"start":{"line":199,"column":16},"end":{"line":199,"column":64}},"90":{"start":{"line":200,"column":16},"end":{"line":200,"column":90}},"91":{"start":{"line":201,"column":16},"end":{"line":201,"column":67}},"92":{"start":{"line":202,"column":16},"end":{"line":202,"column":92}},"93":{"start":{"line":203,"column":16},"end":{"line":203,"column":35}},"94":{"start":{"line":207,"column":8},"end":{"line":219,"column":11}},"95":{"start":{"line":208,"column":12},"end":{"line":218,"column":15}},"96":{"start":{"line":214,"column":16},"end":{"line":214,"column":64}},"97":{"start":{"line":215,"column":16},"end":{"line":215,"column":87}},"98":{"start":{"line":216,"column":16},"end":{"line":216,"column":84}},"99":{"start":{"line":217,"column":16},"end":{"line":217,"column":35}},"100":{"start":{"line":221,"column":8},"end":{"line":233,"column":11}},"101":{"start":{"line":222,"column":12},"end":{"line":232,"column":15}},"102":{"start":{"line":228,"column":16},"end":{"line":228,"column":64}},"103":{"start":{"line":229,"column":16},"end":{"line":229,"column":84}},"104":{"start":{"line":230,"column":16},"end":{"line":230,"column":84}},"105":{"start":{"line":231,"column":16},"end":{"line":231,"column":35}},"106":{"start":{"line":236,"column":4},"end":{"line":348,"column":7}},"107":{"start":{"line":237,"column":8},"end":{"line":347,"column":11}},"108":{"start":{"line":238,"column":12},"end":{"line":249,"column":15}},"109":{"start":{"line":239,"column":16},"end":{"line":248,"column":19}},"110":{"start":{"line":243,"column":20},"end":{"line":243,"column":68}},"111":{"start":{"line":244,"column":20},"end":{"line":244,"column":72}},"112":{"start":{"line":245,"column":20},"end":{"line":245,"column":83}},"113":{"start":{"line":246,"column":20},"end":{"line":246,"column":72}},"114":{"start":{"line":247,"column":20},"end":{"line":247,"column":39}},"115":{"start":{"line":251,"column":12},"end":{"line":262,"column":15}},"116":{"start":{"line":252,"column":16},"end":{"line":261,"column":19}},"117":{"start":{"line":256,"column":20},"end":{"line":256,"column":68}},"118":{"start":{"line":257,"column":20},"end":{"line":257,"column":72}},"119":{"start":{"line":258,"column":20},"end":{"line":258,"column":72}},"120":{"start":{"line":259,"column":20},"end":{"line":259,"column":83}},"121":{"start":{"line":260,"column":20},"end":{"line":260,"column":39}},"122":{"start":{"line":264,"column":12},"end":{"line":274,"column":15}},"123":{"start":{"line":265,"column":16},"end":{"line":273,"column":19}},"124":{"start":{"line":269,"column":20},"end":{"line":269,"column":68}},"125":{"start":{"line":270,"column":20},"end":{"line":270,"column":72}},"126":{"start":{"line":271,"column":20},"end":{"line":271,"column":83}},"127":{"start":{"line":272,"column":20},"end":{"line":272,"column":39}},"128":{"start":{"line":276,"column":12},"end":{"line":286,"column":15}},"129":{"start":{"line":277,"column":16},"end":{"line":285,"column":19}},"130":{"start":{"line":281,"column":20},"end":{"line":281,"column":68}},"131":{"start":{"line":282,"column":20},"end":{"line":282,"column":72}},"132":{"start":{"line":283,"column":20},"end":{"line":283,"column":83}},"133":{"start":{"line":284,"column":20},"end":{"line":284,"column":39}},"134":{"start":{"line":288,"column":12},"end":{"line":299,"column":15}},"135":{"start":{"line":289,"column":16},"end":{"line":298,"column":19}},"136":{"start":{"line":293,"column":20},"end":{"line":293,"column":68}},"137":{"start":{"line":294,"column":20},"end":{"line":294,"column":71}},"138":{"start":{"line":295,"column":20},"end":{"line":295,"column":91}},"139":{"start":{"line":296,"column":20},"end":{"line":296,"column":109}},"140":{"start":{"line":297,"column":20},"end":{"line":297,"column":39}},"141":{"start":{"line":301,"column":12},"end":{"line":312,"column":15}},"142":{"start":{"line":302,"column":16},"end":{"line":311,"column":19}},"143":{"start":{"line":306,"column":20},"end":{"line":306,"column":68}},"144":{"start":{"line":307,"column":20},"end":{"line":307,"column":88}},"145":{"start":{"line":308,"column":20},"end":{"line":308,"column":72}},"146":{"start":{"line":309,"column":20},"end":{"line":309,"column":83}},"147":{"start":{"line":310,"column":20},"end":{"line":310,"column":39}},"148":{"start":{"line":314,"column":12},"end":{"line":324,"column":15}},"149":{"start":{"line":315,"column":16},"end":{"line":323,"column":19}},"150":{"start":{"line":319,"column":20},"end":{"line":319,"column":68}},"151":{"start":{"line":320,"column":20},"end":{"line":320,"column":83}},"152":{"start":{"line":321,"column":20},"end":{"line":321,"column":109}},"153":{"start":{"line":322,"column":20},"end":{"line":322,"column":39}},"154":{"start":{"line":326,"column":12},"end":{"line":335,"column":15}},"155":{"start":{"line":327,"column":16},"end":{"line":334,"column":19}},"156":{"start":{"line":331,"column":20},"end":{"line":331,"column":68}},"157":{"start":{"line":332,"column":20},"end":{"line":332,"column":109}},"158":{"start":{"line":333,"column":20},"end":{"line":333,"column":39}},"159":{"start":{"line":337,"column":12},"end":{"line":346,"column":15}},"160":{"start":{"line":338,"column":16},"end":{"line":345,"column":19}},"161":{"start":{"line":342,"column":20},"end":{"line":342,"column":68}},"162":{"start":{"line":343,"column":20},"end":{"line":343,"column":109}},"163":{"start":{"line":344,"column":20},"end":{"line":344,"column":39}}},"fnMap":{"0":{"name":"_interopRequireDefault","decl":{"start":{"line":23,"column":9},"end":{"line":23,"column":31}},"loc":{"start":{"line":23,"column":37},"end":{"line":23,"column":95}},"line":23},"1":{"name":"(anonymous_1)","decl":{"start":{"line":32,"column":18},"end":{"line":32,"column":19}},"loc":{"start":{"line":32,"column":30},"end":{"line":349,"column":1}},"line":32},"2":{"name":"(anonymous_2)","decl":{"start":{"line":33,"column":11},"end":{"line":33,"column":12}},"loc":{"start":{"line":33,"column":27},"end":{"line":42,"column":5}},"line":33},"3":{"name":"(anonymous_3)","decl":{"start":{"line":39,"column":60},"end":{"line":39,"column":61}},"loc":{"start":{"line":39,"column":72},"end":{"line":41,"column":9}},"line":39},"4":{"name":"(anonymous_4)","decl":{"start":{"line":43,"column":25},"end":{"line":43,"column":26}},"loc":{"start":{"line":43,"column":37},"end":{"line":52,"column":5}},"line":43},"5":{"name":"(anonymous_5)","decl":{"start":{"line":44,"column":51},"end":{"line":44,"column":52}},"loc":{"start":{"line":44,"column":63},"end":{"line":51,"column":9}},"line":44},"6":{"name":"(anonymous_6)","decl":{"start":{"line":45,"column":70},"end":{"line":45,"column":71}},"loc":{"start":{"line":45,"column":86},"end":{"line":50,"column":13}},"line":45},"7":{"name":"(anonymous_7)","decl":{"start":{"line":46,"column":101},"end":{"line":46,"column":102}},"loc":{"start":{"line":46,"column":121},"end":{"line":49,"column":17}},"line":46},"8":{"name":"(anonymous_8)","decl":{"start":{"line":53,"column":28},"end":{"line":53,"column":29}},"loc":{"start":{"line":53,"column":40},"end":{"line":63,"column":5}},"line":53},"9":{"name":"(anonymous_9)","decl":{"start":{"line":54,"column":46},"end":{"line":54,"column":47}},"loc":{"start":{"line":54,"column":58},"end":{"line":62,"column":9}},"line":54},"10":{"name":"(anonymous_10)","decl":{"start":{"line":55,"column":70},"end":{"line":55,"column":71}},"loc":{"start":{"line":55,"column":86},"end":{"line":61,"column":13}},"line":55},"11":{"name":"(anonymous_11)","decl":{"start":{"line":56,"column":106},"end":{"line":56,"column":107}},"loc":{"start":{"line":56,"column":126},"end":{"line":60,"column":17}},"line":56},"12":{"name":"(anonymous_12)","decl":{"start":{"line":64,"column":34},"end":{"line":64,"column":35}},"loc":{"start":{"line":64,"column":46},"end":{"line":234,"column":5}},"line":64},"13":{"name":"(anonymous_13)","decl":{"start":{"line":65,"column":47},"end":{"line":65,"column":48}},"loc":{"start":{"line":65,"column":59},"end":{"line":98,"column":9}},"line":65},"14":{"name":"(anonymous_14)","decl":{"start":{"line":67,"column":37},"end":{"line":67,"column":38}},"loc":{"start":{"line":67,"column":53},"end":{"line":81,"column":13}},"line":67},"15":{"name":"(anonymous_15)","decl":{"start":{"line":73,"column":23},"end":{"line":73,"column":24}},"loc":{"start":{"line":73,"column":43},"end":{"line":80,"column":17}},"line":73},"16":{"name":"(anonymous_16)","decl":{"start":{"line":83,"column":108},"end":{"line":83,"column":109}},"loc":{"start":{"line":83,"column":124},"end":{"line":97,"column":13}},"line":83},"17":{"name":"(anonymous_17)","decl":{"start":{"line":89,"column":23},"end":{"line":89,"column":24}},"loc":{"start":{"line":89,"column":43},"end":{"line":96,"column":17}},"line":89},"18":{"name":"(anonymous_18)","decl":{"start":{"line":100,"column":37},"end":{"line":100,"column":38}},"loc":{"start":{"line":100,"column":49},"end":{"line":130,"column":9}},"line":100},"19":{"name":"(anonymous_19)","decl":{"start":{"line":101,"column":58},"end":{"line":101,"column":59}},"loc":{"start":{"line":101,"column":74},"end":{"line":113,"column":13}},"line":101},"20":{"name":"(anonymous_20)","decl":{"start":{"line":107,"column":23},"end":{"line":107,"column":24}},"loc":{"start":{"line":107,"column":43},"end":{"line":112,"column":17}},"line":107},"21":{"name":"(anonymous_21)","decl":{"start":{"line":115,"column":109},"end":{"line":115,"column":110}},"loc":{"start":{"line":115,"column":125},"end":{"line":129,"column":13}},"line":115},"22":{"name":"(anonymous_22)","decl":{"start":{"line":121,"column":23},"end":{"line":121,"column":24}},"loc":{"start":{"line":121,"column":43},"end":{"line":128,"column":17}},"line":121},"23":{"name":"(anonymous_23)","decl":{"start":{"line":132,"column":34},"end":{"line":132,"column":35}},"loc":{"start":{"line":132,"column":46},"end":{"line":160,"column":9}},"line":132},"24":{"name":"(anonymous_24)","decl":{"start":{"line":133,"column":67},"end":{"line":133,"column":68}},"loc":{"start":{"line":133,"column":83},"end":{"line":145,"column":13}},"line":133},"25":{"name":"(anonymous_25)","decl":{"start":{"line":139,"column":23},"end":{"line":139,"column":24}},"loc":{"start":{"line":139,"column":43},"end":{"line":144,"column":17}},"line":139},"26":{"name":"(anonymous_26)","decl":{"start":{"line":147,"column":74},"end":{"line":147,"column":75}},"loc":{"start":{"line":147,"column":90},"end":{"line":159,"column":13}},"line":147},"27":{"name":"(anonymous_27)","decl":{"start":{"line":153,"column":23},"end":{"line":153,"column":24}},"loc":{"start":{"line":153,"column":43},"end":{"line":158,"column":17}},"line":153},"28":{"name":"(anonymous_28)","decl":{"start":{"line":162,"column":37},"end":{"line":162,"column":38}},"loc":{"start":{"line":162,"column":49},"end":{"line":190,"column":9}},"line":162},"29":{"name":"(anonymous_29)","decl":{"start":{"line":163,"column":88},"end":{"line":163,"column":89}},"loc":{"start":{"line":163,"column":104},"end":{"line":175,"column":13}},"line":163},"30":{"name":"(anonymous_30)","decl":{"start":{"line":169,"column":23},"end":{"line":169,"column":24}},"loc":{"start":{"line":169,"column":43},"end":{"line":174,"column":17}},"line":169},"31":{"name":"(anonymous_31)","decl":{"start":{"line":177,"column":130},"end":{"line":177,"column":131}},"loc":{"start":{"line":177,"column":146},"end":{"line":189,"column":13}},"line":177},"32":{"name":"(anonymous_32)","decl":{"start":{"line":183,"column":23},"end":{"line":183,"column":24}},"loc":{"start":{"line":183,"column":43},"end":{"line":188,"column":17}},"line":183},"33":{"name":"(anonymous_33)","decl":{"start":{"line":192,"column":49},"end":{"line":192,"column":50}},"loc":{"start":{"line":192,"column":65},"end":{"line":205,"column":9}},"line":192},"34":{"name":"(anonymous_34)","decl":{"start":{"line":198,"column":19},"end":{"line":198,"column":20}},"loc":{"start":{"line":198,"column":39},"end":{"line":204,"column":13}},"line":198},"35":{"name":"(anonymous_35)","decl":{"start":{"line":207,"column":51},"end":{"line":207,"column":52}},"loc":{"start":{"line":207,"column":67},"end":{"line":219,"column":9}},"line":207},"36":{"name":"(anonymous_36)","decl":{"start":{"line":213,"column":19},"end":{"line":213,"column":20}},"loc":{"start":{"line":213,"column":39},"end":{"line":218,"column":13}},"line":213},"37":{"name":"(anonymous_37)","decl":{"start":{"line":221,"column":48},"end":{"line":221,"column":49}},"loc":{"start":{"line":221,"column":64},"end":{"line":233,"column":9}},"line":221},"38":{"name":"(anonymous_38)","decl":{"start":{"line":227,"column":19},"end":{"line":227,"column":20}},"loc":{"start":{"line":227,"column":39},"end":{"line":232,"column":13}},"line":227},"39":{"name":"(anonymous_39)","decl":{"start":{"line":236,"column":28},"end":{"line":236,"column":29}},"loc":{"start":{"line":236,"column":40},"end":{"line":348,"column":5}},"line":236},"40":{"name":"(anonymous_40)","decl":{"start":{"line":237,"column":33},"end":{"line":237,"column":34}},"loc":{"start":{"line":237,"column":45},"end":{"line":347,"column":9}},"line":237},"41":{"name":"(anonymous_41)","decl":{"start":{"line":238,"column":75},"end":{"line":238,"column":76}},"loc":{"start":{"line":238,"column":91},"end":{"line":249,"column":13}},"line":238},"42":{"name":"(anonymous_42)","decl":{"start":{"line":242,"column":23},"end":{"line":242,"column":24}},"loc":{"start":{"line":242,"column":43},"end":{"line":248,"column":17}},"line":242},"43":{"name":"(anonymous_43)","decl":{"start":{"line":251,"column":87},"end":{"line":251,"column":88}},"loc":{"start":{"line":251,"column":103},"end":{"line":262,"column":13}},"line":251},"44":{"name":"(anonymous_44)","decl":{"start":{"line":255,"column":23},"end":{"line":255,"column":24}},"loc":{"start":{"line":255,"column":43},"end":{"line":261,"column":17}},"line":255},"45":{"name":"(anonymous_45)","decl":{"start":{"line":264,"column":67},"end":{"line":264,"column":68}},"loc":{"start":{"line":264,"column":83},"end":{"line":274,"column":13}},"line":264},"46":{"name":"(anonymous_46)","decl":{"start":{"line":268,"column":23},"end":{"line":268,"column":24}},"loc":{"start":{"line":268,"column":43},"end":{"line":273,"column":17}},"line":268},"47":{"name":"(anonymous_47)","decl":{"start":{"line":276,"column":54},"end":{"line":276,"column":55}},"loc":{"start":{"line":276,"column":70},"end":{"line":286,"column":13}},"line":276},"48":{"name":"(anonymous_48)","decl":{"start":{"line":280,"column":23},"end":{"line":280,"column":24}},"loc":{"start":{"line":280,"column":43},"end":{"line":285,"column":17}},"line":280},"49":{"name":"(anonymous_49)","decl":{"start":{"line":288,"column":98},"end":{"line":288,"column":99}},"loc":{"start":{"line":288,"column":114},"end":{"line":299,"column":13}},"line":288},"50":{"name":"(anonymous_50)","decl":{"start":{"line":292,"column":23},"end":{"line":292,"column":24}},"loc":{"start":{"line":292,"column":43},"end":{"line":298,"column":17}},"line":292},"51":{"name":"(anonymous_51)","decl":{"start":{"line":301,"column":73},"end":{"line":301,"column":74}},"loc":{"start":{"line":301,"column":89},"end":{"line":312,"column":13}},"line":301},"52":{"name":"(anonymous_52)","decl":{"start":{"line":305,"column":23},"end":{"line":305,"column":24}},"loc":{"start":{"line":305,"column":43},"end":{"line":311,"column":17}},"line":305},"53":{"name":"(anonymous_53)","decl":{"start":{"line":314,"column":80},"end":{"line":314,"column":81}},"loc":{"start":{"line":314,"column":96},"end":{"line":324,"column":13}},"line":314},"54":{"name":"(anonymous_54)","decl":{"start":{"line":318,"column":23},"end":{"line":318,"column":24}},"loc":{"start":{"line":318,"column":43},"end":{"line":323,"column":17}},"line":318},"55":{"name":"(anonymous_55)","decl":{"start":{"line":326,"column":51},"end":{"line":326,"column":52}},"loc":{"start":{"line":326,"column":67},"end":{"line":335,"column":13}},"line":326},"56":{"name":"(anonymous_56)","decl":{"start":{"line":330,"column":23},"end":{"line":330,"column":24}},"loc":{"start":{"line":330,"column":43},"end":{"line":334,"column":17}},"line":330},"57":{"name":"(anonymous_57)","decl":{"start":{"line":337,"column":56},"end":{"line":337,"column":57}},"loc":{"start":{"line":337,"column":72},"end":{"line":346,"column":13}},"line":337},"58":{"name":"(anonymous_58)","decl":{"start":{"line":341,"column":23},"end":{"line":341,"column":24}},"loc":{"start":{"line":341,"column":43},"end":{"line":345,"column":17}},"line":341}},"branchMap":{"0":{"loc":{"start":{"line":23,"column":46},"end":{"line":23,"column":92}},"type":"cond-expr","locations":[{"start":{"line":23,"column":70},"end":{"line":23,"column":73}},{"start":{"line":23,"column":76},"end":{"line":23,"column":92}}],"line":23},"1":{"loc":{"start":{"line":23,"column":46},"end":{"line":23,"column":67}},"type":"binary-expr","locations":[{"start":{"line":23,"column":46},"end":{"line":23,"column":49}},{"start":{"line":23,"column":53},"end":{"line":23,"column":67}}],"line":23},"2":{"loc":{"start":{"line":47,"column":20},"end":{"line":47,"column":92}},"type":"if","locations":[{"start":{"line":47,"column":20},"end":{"line":47,"column":92}},{"start":{"line":47,"column":20},"end":{"line":47,"column":92}}],"line":47},"3":{"loc":{"start":{"line":57,"column":20},"end":{"line":57,"column":92}},"type":"if","locations":[{"start":{"line":57,"column":20},"end":{"line":57,"column":92}},{"start":{"line":57,"column":20},"end":{"line":57,"column":92}}],"line":57}},"s":{"0":1,"1":1,"2":1,"3":1,"4":1,"5":1,"6":1,"7":1,"8":1,"9":1,"10":4,"11":1,"12":1,"13":1,"14":1,"15":1,"16":1,"17":1,"18":1,"19":1,"20":1,"21":1,"22":1,"23":1,"24":1,"25":0,"26":1,"27":1,"28":1,"29":1,"30":1,"31":1,"32":1,"33":0,"34":1,"35":1,"36":1,"37":1,"38":1,"39":1,"40":1,"41":1,"42":1,"43":1,"44":1,"45":1,"46":1,"47":1,"48":1,"49":1,"50":1,"51":1,"52":1,"53":1,"54":1,"55":1,"56":1,"57":1,"58":1,"59":1,"60":1,"61":1,"62":1,"63":1,"64":1,"65":1,"66":1,"67":1,"68":1,"69":1,"70":1,"71":1,"72":1,"73":1,"74":1,"75":1,"76":1,"77":1,"78":1,"79":1,"80":1,"81":1,"82":1,"83":1,"84":1,"85":1,"86":1,"87":1,"88":1,"89":1,"90":1,"91":1,"92":1,"93":1,"94":1,"95":1,"96":1,"97":1,"98":1,"99":1,"100":1,"101":1,"102":1,"103":1,"104":1,"105":1,"106":1,"107":1,"108":1,"109":1,"110":1,"111":0,"112":0,"113":0,"114":0,"115":1,"116":1,"117":1,"118":0,"119":0,"120":0,"121":0,"122":1,"123":1,"124":1,"125":0,"126":0,"127":0,"128":1,"129":1,"130":1,"131":0,"132":0,"133":0,"134":1,"135":1,"136":1,"137":1,"138":1,"139":1,"140":1,"141":1,"142":1,"143":1,"144":0,"145":0,"146":0,"147":0,"148":1,"149":1,"150":1,"151":1,"152":1,"153":1,"154":1,"155":1,"156":1,"157":1,"158":1,"159":1,"160":1,"161":1,"162":1,"163":1},"f":{"0":4,"1":1,"2":1,"3":1,"4":1,"5":1,"6":1,"7":1,"8":1,"9":1,"10":1,"11":1,"12":1,"13":1,"14":1,"15":1,"16":1,"17":1,"18":1,"19":1,"20":1,"21":1,"22":1,"23":1,"24":1,"25":1,"26":1,"27":1,"28":1,"29":1,"30":1,"31":1,"32":1,"33":1,"34":1,"35":1,"36":1,"37":1,"38":1,"39":1,"40":1,"41":1,"42":1,"43":1,"44":1,"45":1,"46":1,"47":1,"48":1,"49":1,"50":1,"51":1,"52":1,"53":1,"54":1,"55":1,"56":1,"57":1,"58":1},"b":{"0":[0,4],"1":[4,4],"2":[0,1],"3":[0,1]},"_coverageSchema":"332fd63041d2c1bcb487cc26dd0d5f7d97098a6c","hash":"f4c3906a2b0e5ed0015702640e95c8df7dfc1fbe","contentHash":"7f3967b18aea96d85bb640c13c1b8ef8_11.6.0"},"C:\\Users\\duntu\\Desktop\\more-recipe-server\\src\\app.js":{"path":"C:\\Users\\duntu\\Desktop\\more-recipe-server\\src\\app.js","statementMap":{"0":{"start":{"line":3,"column":15},"end":{"line":3,"column":33}},"1":{"start":{"line":5,"column":16},"end":{"line":5,"column":48}},"2":{"start":{"line":7,"column":14},"end":{"line":7,"column":31}},"3":{"start":{"line":9,"column":15},"end":{"line":9,"column":46}},"4":{"start":{"line":11,"column":18},"end":{"line":11,"column":40}},"5":{"start":{"line":13,"column":19},"end":{"line":13,"column":54}},"6":{"start":{"line":15,"column":24},"end":{"line":15,"column":52}},"7":{"start":{"line":17,"column":25},"end":{"line":17,"column":66}},"8":{"start":{"line":19,"column":39},"end":{"line":19,"column":93}},"9":{"start":{"line":21,"column":10},"end":{"line":21,"column":34}},"10":{"start":{"line":23,"column":0},"end":{"line":23,"column":38}},"11":{"start":{"line":24,"column":0},"end":{"line":24,"column":37}},"12":{"start":{"line":25,"column":0},"end":{"line":25,"column":62}},"13":{"start":{"line":26,"column":0},"end":{"line":26,"column":43}},"14":{"start":{"line":29,"column":0},"end":{"line":33,"column":3}},"15":{"start":{"line":30,"column":2},"end":{"line":32,"column":5}},"16":{"start":{"line":35,"column":0},"end":{"line":38,"column":3}},"17":{"start":{"line":36,"column":2},"end":{"line":36,"column":34}},"18":{"start":{"line":37,"column":2},"end":{"line":37,"column":9}},"19":{"start":{"line":40,"column":0},"end":{"line":40,"column":33}},"20":{"start":{"line":41,"column":0},"end":{"line":45,"column":3}},"21":{"start":{"line":42,"column":2},"end":{"line":44,"column":5}},"22":{"start":{"line":47,"column":0},"end":{"line":47,"column":21}}},"fnMap":{"0":{"name":"_interopRequireDefault","decl":{"start":{"line":19,"column":9},"end":{"line":19,"column":31}},"loc":{"start":{"line":19,"column":37},"end":{"line":19,"column":95}},"line":19},"1":{"name":"(anonymous_1)","decl":{"start":{"line":29,"column":13},"end":{"line":29,"column":14}},"loc":{"start":{"line":29,"column":33},"end":{"line":33,"column":1}},"line":29},"2":{"name":"(anonymous_2)","decl":{"start":{"line":35,"column":20},"end":{"line":35,"column":21}},"loc":{"start":{"line":35,"column":50},"end":{"line":38,"column":1}},"line":35},"3":{"name":"(anonymous_3)","decl":{"start":{"line":41,"column":13},"end":{"line":41,"column":14}},"loc":{"start":{"line":41,"column":33},"end":{"line":45,"column":1}},"line":41}},"branchMap":{"0":{"loc":{"start":{"line":19,"column":46},"end":{"line":19,"column":92}},"type":"cond-expr","locations":[{"start":{"line":19,"column":70},"end":{"line":19,"column":73}},{"start":{"line":19,"column":76},"end":{"line":19,"column":92}}],"line":19},"1":{"loc":{"start":{"line":19,"column":46},"end":{"line":19,"column":67}},"type":"binary-expr","locations":[{"start":{"line":19,"column":46},"end":{"line":19,"column":49}},{"start":{"line":19,"column":53},"end":{"line":19,"column":67}}],"line":19}},"s":{"0":1,"1":1,"2":1,"3":1,"4":1,"5":1,"6":1,"7":1,"8":4,"9":1,"10":1,"11":1,"12":1,"13":1,"14":1,"15":1,"16":1,"17":0,"18":0,"19":1,"20":1,"21":0,"22":1},"f":{"0":4,"1":1,"2":0,"3":0},"b":{"0":[0,4],"1":[4,4]},"_coverageSchema":"332fd63041d2c1bcb487cc26dd0d5f7d97098a6c","hash":"014ad905832500d61cd0432b0a3796938b8e1f28","contentHash":"546bb05b81e335aa8df91710daeab9c0_11.6.0"},"C:\\Users\\duntu\\Desktop\\more-recipe-server\\server\\routes\\index.js":{"path":"C:\\Users\\duntu\\Desktop\\more-recipe-server\\server\\routes\\index.js","statementMap":{"0":{"start":{"line":3,"column":13},"end":{"line":3,"column":44}},"1":{"start":{"line":5,"column":14},"end":{"line":5,"column":44}},"2":{"start":{"line":7,"column":15},"end":{"line":7,"column":48}},"3":{"start":{"line":9,"column":16},"end":{"line":9,"column":48}},"4":{"start":{"line":11,"column":15},"end":{"line":11,"column":48}},"5":{"start":{"line":13,"column":16},"end":{"line":13,"column":48}},"6":{"start":{"line":15,"column":23},"end":{"line":15,"column":64}},"7":{"start":{"line":17,"column":24},"end":{"line":17,"column":64}},"8":{"start":{"line":19,"column":39},"end":{"line":19,"column":93}},"9":{"start":{"line":26,"column":0},"end":{"line":51,"column":2}},"10":{"start":{"line":27,"column":2},"end":{"line":31,"column":5}},"11":{"start":{"line":28,"column":4},"end":{"line":30,"column":7}},"12":{"start":{"line":33,"column":2},"end":{"line":33,"column":59}},"13":{"start":{"line":34,"column":2},"end":{"line":34,"column":102}},"14":{"start":{"line":35,"column":2},"end":{"line":35,"column":67}},"15":{"start":{"line":37,"column":2},"end":{"line":37,"column":56}},"16":{"start":{"line":38,"column":2},"end":{"line":38,"column":55}},"17":{"start":{"line":39,"column":2},"end":{"line":39,"column":67}},"18":{"start":{"line":40,"column":2},"end":{"line":40,"column":60}},"19":{"start":{"line":43,"column":2},"end":{"line":43,"column":61}},"20":{"start":{"line":46,"column":2},"end":{"line":50,"column":5}},"21":{"start":{"line":47,"column":4},"end":{"line":49,"column":7}}},"fnMap":{"0":{"name":"_interopRequireDefault","decl":{"start":{"line":19,"column":9},"end":{"line":19,"column":31}},"loc":{"start":{"line":19,"column":37},"end":{"line":19,"column":95}},"line":19},"1":{"name":"(anonymous_1)","decl":{"start":{"line":26,"column":17},"end":{"line":26,"column":18}},"loc":{"start":{"line":26,"column":32},"end":{"line":51,"column":1}},"line":26},"2":{"name":"(anonymous_2)","decl":{"start":{"line":27,"column":18},"end":{"line":27,"column":19}},"loc":{"start":{"line":27,"column":38},"end":{"line":31,"column":3}},"line":27},"3":{"name":"(anonymous_3)","decl":{"start":{"line":46,"column":47},"end":{"line":46,"column":48}},"loc":{"start":{"line":46,"column":67},"end":{"line":50,"column":3}},"line":46}},"branchMap":{"0":{"loc":{"start":{"line":19,"column":46},"end":{"line":19,"column":92}},"type":"cond-expr","locations":[{"start":{"line":19,"column":70},"end":{"line":19,"column":73}},{"start":{"line":19,"column":76},"end":{"line":19,"column":92}}],"line":19},"1":{"loc":{"start":{"line":19,"column":46},"end":{"line":19,"column":67}},"type":"binary-expr","locations":[{"start":{"line":19,"column":46},"end":{"line":19,"column":49}},{"start":{"line":19,"column":53},"end":{"line":19,"column":67}}],"line":19}},"s":{"0":1,"1":1,"2":1,"3":1,"4":1,"5":1,"6":1,"7":1,"8":4,"9":1,"10":1,"11":1,"12":1,"13":1,"14":1,"15":1,"16":1,"17":1,"18":1,"19":1,"20":1,"21":0},"f":{"0":4,"1":1,"2":1,"3":0},"b":{"0":[4,0],"1":[4,4]},"_coverageSchema":"332fd63041d2c1bcb487cc26dd0d5f7d97098a6c","hash":"01006b883edfc4870f4fe361f1de5883a25988e9","contentHash":"d97d5dab4afbe30c299c795d0b90468a_11.6.0"},"C:\\Users\\duntu\\Desktop\\more-recipe-server\\server\\controllers\\users.js":{"path":"C:\\Users\\duntu\\Desktop\\more-recipe-server\\server\\controllers\\users.js","statementMap":{"0":{"start":{"line":3,"column":0},"end":{"line":5,"column":3}},"1":{"start":{"line":7,"column":19},"end":{"line":7,"column":563}},"2":{"start":{"line":7,"column":76},"end":{"line":7,"column":347}},"3":{"start":{"line":7,"column":134},"end":{"line":7,"column":142}},"4":{"start":{"line":7,"column":144},"end":{"line":7,"column":199}},"5":{"start":{"line":7,"column":200},"end":{"line":7,"column":231}},"6":{"start":{"line":7,"column":232},"end":{"line":7,"column":286}},"7":{"start":{"line":7,"column":259},"end":{"line":7,"column":286}},"8":{"start":{"line":7,"column":287},"end":{"line":7,"column":345}},"9":{"start":{"line":7,"column":350},"end":{"line":7,"column":559}},"10":{"start":{"line":7,"column":407},"end":{"line":7,"column":475}},"11":{"start":{"line":7,"column":423},"end":{"line":7,"column":475}},"12":{"start":{"line":7,"column":476},"end":{"line":7,"column":536}},"13":{"start":{"line":7,"column":493},"end":{"line":7,"column":536}},"14":{"start":{"line":7,"column":537},"end":{"line":7,"column":556}},"15":{"start":{"line":9,"column":14},"end":{"line":9,"column":31}},"16":{"start":{"line":11,"column":15},"end":{"line":11,"column":46}},"17":{"start":{"line":13,"column":20},"end":{"line":13,"column":43}},"18":{"start":{"line":15,"column":21},"end":{"line":15,"column":58}},"19":{"start":{"line":17,"column":17},"end":{"line":17,"column":37}},"20":{"start":{"line":19,"column":18},"end":{"line":19,"column":52}},"21":{"start":{"line":21,"column":20},"end":{"line":21,"column":54}},"22":{"start":{"line":23,"column":21},"end":{"line":23,"column":58}},"23":{"start":{"line":25,"column":23},"end":{"line":25,"column":64}},"24":{"start":{"line":27,"column":14},"end":{"line":27,"column":34}},"25":{"start":{"line":29,"column":39},"end":{"line":29,"column":93}},"26":{"start":{"line":31,"column":33},"end":{"line":31,"column":456}},"27":{"start":{"line":31,"column":64},"end":{"line":31,"column":89}},"28":{"start":{"line":31,"column":91},"end":{"line":31,"column":453}},"29":{"start":{"line":31,"column":165},"end":{"line":31,"column":263}},"30":{"start":{"line":31,"column":182},"end":{"line":31,"column":195}},"31":{"start":{"line":31,"column":209},"end":{"line":31,"column":219}},"32":{"start":{"line":31,"column":239},"end":{"line":31,"column":253}},"33":{"start":{"line":31,"column":254},"end":{"line":31,"column":261}},"34":{"start":{"line":31,"column":264},"end":{"line":31,"column":426}},"35":{"start":{"line":31,"column":281},"end":{"line":31,"column":296}},"36":{"start":{"line":31,"column":306},"end":{"line":31,"column":424}},"37":{"start":{"line":31,"column":360},"end":{"line":31,"column":380}},"38":{"start":{"line":31,"column":401},"end":{"line":31,"column":420}},"39":{"start":{"line":31,"column":429},"end":{"line":31,"column":449}},"40":{"start":{"line":33,"column":50},"end":{"line":33,"column":151}},"41":{"start":{"line":33,"column":92},"end":{"line":33,"column":149}},"42":{"start":{"line":35,"column":44},"end":{"line":35,"column":195}},"43":{"start":{"line":35,"column":62},"end":{"line":35,"column":166}},"44":{"start":{"line":35,"column":176},"end":{"line":35,"column":193}},"45":{"start":{"line":35,"column":196},"end":{"line":35,"column":207}},"46":{"start":{"line":37,"column":13},"end":{"line":37,"column":35}},"47":{"start":{"line":38,"column":9},"end":{"line":38,"column":31}},"48":{"start":{"line":46,"column":33},"end":{"line":65,"column":1}},"49":{"start":{"line":47,"column":16},"end":{"line":63,"column":4}},"50":{"start":{"line":48,"column":4},"end":{"line":62,"column":7}},"51":{"start":{"line":52,"column":6},"end":{"line":60,"column":7}},"52":{"start":{"line":53,"column":20},"end":{"line":53,"column":26}},"53":{"start":{"line":54,"column":8},"end":{"line":58,"column":9}},"54":{"start":{"line":55,"column":10},"end":{"line":55,"column":29}},"55":{"start":{"line":57,"column":10},"end":{"line":57,"column":26}},"56":{"start":{"line":59,"column":8},"end":{"line":59,"column":41}},"57":{"start":{"line":61,"column":6},"end":{"line":61,"column":16}},"58":{"start":{"line":64,"column":2},"end":{"line":64,"column":17}},"59":{"start":{"line":67,"column":12},"end":{"line":317,"column":3}},"60":{"start":{"line":69,"column":4},"end":{"line":69,"column":33}},"61":{"start":{"line":72,"column":2},"end":{"line":314,"column":6}},"62":{"start":{"line":85,"column":22},"end":{"line":85,"column":30}},"63":{"start":{"line":86,"column":17},"end":{"line":86,"column":31}},"64":{"start":{"line":87,"column":21},"end":{"line":87,"column":39}},"65":{"start":{"line":88,"column":18},"end":{"line":88,"column":33}},"66":{"start":{"line":90,"column":21},"end":{"line":90,"column":38}},"67":{"start":{"line":91,"column":6},"end":{"line":91,"column":87}},"68":{"start":{"line":92,"column":19},"end":{"line":92,"column":66}},"69":{"start":{"line":93,"column":6},"end":{"line":125,"column":7}},"70":{"start":{"line":94,"column":8},"end":{"line":94,"column":44}},"71":{"start":{"line":96,"column":8},"end":{"line":124,"column":11}},"72":{"start":{"line":97,"column":10},"end":{"line":118,"column":13}},"73":{"start":{"line":104,"column":26},"end":{"line":104,"column":85}},"74":{"start":{"line":105,"column":24},"end":{"line":107,"column":14}},"75":{"start":{"line":108,"column":12},"end":{"line":112,"column":15}},"76":{"start":{"line":114,"column":12},"end":{"line":117,"column":15}},"77":{"start":{"line":120,"column":10},"end":{"line":123,"column":13}},"78":{"start":{"line":126,"column":6},"end":{"line":126,"column":18}},"79":{"start":{"line":143,"column":17},"end":{"line":204,"column":9}},"80":{"start":{"line":146,"column":8},"end":{"line":203,"column":26}},"81":{"start":{"line":147,"column":10},"end":{"line":202,"column":11}},"82":{"start":{"line":148,"column":12},"end":{"line":201,"column":13}},"83":{"start":{"line":150,"column":16},"end":{"line":150,"column":78}},"84":{"start":{"line":151,"column":16},"end":{"line":151,"column":78}},"85":{"start":{"line":152,"column":16},"end":{"line":152,"column":34}},"86":{"start":{"line":153,"column":16},"end":{"line":156,"column":19}},"87":{"start":{"line":159,"column":16},"end":{"line":159,"column":37}},"88":{"start":{"line":161,"column":16},"end":{"line":164,"column":17}},"89":{"start":{"line":162,"column":18},"end":{"line":162,"column":37}},"90":{"start":{"line":163,"column":18},"end":{"line":163,"column":24}},"91":{"start":{"line":166,"column":16},"end":{"line":166,"column":102}},"92":{"start":{"line":167,"column":16},"end":{"line":167,"column":71}},"93":{"start":{"line":168,"column":16},"end":{"line":168,"column":90}},"94":{"start":{"line":169,"column":16},"end":{"line":169,"column":35}},"95":{"start":{"line":170,"column":16},"end":{"line":170,"column":82}},"96":{"start":{"line":173,"column":16},"end":{"line":173,"column":46}},"97":{"start":{"line":175,"column":16},"end":{"line":178,"column":17}},"98":{"start":{"line":176,"column":18},"end":{"line":176,"column":37}},"99":{"start":{"line":177,"column":18},"end":{"line":177,"column":24}},"100":{"start":{"line":180,"column":16},"end":{"line":185,"column":20}},"101":{"start":{"line":188,"column":16},"end":{"line":190,"column":20}},"102":{"start":{"line":193,"column":16},"end":{"line":196,"column":20}},"103":{"start":{"line":200,"column":16},"end":{"line":200,"column":39}},"104":{"start":{"line":207,"column":8},"end":{"line":207,"column":43}},"105":{"start":{"line":210,"column":6},"end":{"line":210,"column":20}},"106":{"start":{"line":222,"column":18},"end":{"line":286,"column":9}},"107":{"start":{"line":224,"column":8},"end":{"line":285,"column":38}},"108":{"start":{"line":225,"column":10},"end":{"line":284,"column":11}},"109":{"start":{"line":226,"column":12},"end":{"line":283,"column":13}},"110":{"start":{"line":228,"column":16},"end":{"line":228,"column":43}},"111":{"start":{"line":229,"column":16},"end":{"line":229,"column":35}},"112":{"start":{"line":230,"column":16},"end":{"line":230,"column":35}},"113":{"start":{"line":231,"column":16},"end":{"line":231,"column":132}},"114":{"start":{"line":234,"column":16},"end":{"line":234,"column":38}},"115":{"start":{"line":235,"column":16},"end":{"line":235,"column":35}},"116":{"start":{"line":236,"column":16},"end":{"line":236,"column":75}},"117":{"start":{"line":239,"column":16},"end":{"line":239,"column":45}},"118":{"start":{"line":240,"column":16},"end":{"line":240,"column":36}},"119":{"start":{"line":241,"column":16},"end":{"line":241,"column":75}},"120":{"start":{"line":244,"column":16},"end":{"line":244,"column":45}},"121":{"start":{"line":245,"column":16},"end":{"line":245,"column":36}},"122":{"start":{"line":246,"column":16},"end":{"line":246,"column":77}},"123":{"start":{"line":249,"column":16},"end":{"line":249,"column":47}},"124":{"start":{"line":251,"column":16},"end":{"line":254,"column":17}},"125":{"start":{"line":252,"column":18},"end":{"line":252,"column":38}},"126":{"start":{"line":253,"column":18},"end":{"line":253,"column":24}},"127":{"start":{"line":256,"column":16},"end":{"line":256,"column":133}},"128":{"start":{"line":258,"column":16},"end":{"line":258,"column":51}},"129":{"start":{"line":259,"column":16},"end":{"line":259,"column":51}},"130":{"start":{"line":260,"column":16},"end":{"line":260,"column":55}},"131":{"start":{"line":261,"column":16},"end":{"line":265,"column":20}},"132":{"start":{"line":268,"column":16},"end":{"line":268,"column":71}},"133":{"start":{"line":271,"column":16},"end":{"line":271,"column":36}},"134":{"start":{"line":272,"column":16},"end":{"line":272,"column":53}},"135":{"start":{"line":273,"column":16},"end":{"line":273,"column":47}},"136":{"start":{"line":275,"column":16},"end":{"line":278,"column":19}},"137":{"start":{"line":282,"column":16},"end":{"line":282,"column":40}},"138":{"start":{"line":289,"column":8},"end":{"line":289,"column":44}},"139":{"start":{"line":292,"column":6},"end":{"line":292,"column":23}},"140":{"start":{"line":297,"column":6},"end":{"line":312,"column":9}},"141":{"start":{"line":298,"column":8},"end":{"line":302,"column":9}},"142":{"start":{"line":299,"column":10},"end":{"line":301,"column":13}},"143":{"start":{"line":303,"column":8},"end":{"line":309,"column":11}},"144":{"start":{"line":304,"column":10},"end":{"line":306,"column":13}},"145":{"start":{"line":308,"column":10},"end":{"line":308,"column":45}},"146":{"start":{"line":311,"column":8},"end":{"line":311,"column":43}},"147":{"start":{"line":316,"column":2},"end":{"line":316,"column":15}},"148":{"start":{"line":319,"column":0},"end":{"line":319,"column":24}}},"fnMap":{"0":{"name":"(anonymous_0)","decl":{"start":{"line":7,"column":19},"end":{"line":7,"column":20}},"loc":{"start":{"line":7,"column":31},"end":{"line":7,"column":561}},"line":7},"1":{"name":"defineProperties","decl":{"start":{"line":7,"column":42},"end":{"line":7,"column":58}},"loc":{"start":{"line":7,"column":74},"end":{"line":7,"column":349}},"line":7},"2":{"name":"(anonymous_2)","decl":{"start":{"line":7,"column":357},"end":{"line":7,"column":358}},"loc":{"start":{"line":7,"column":405},"end":{"line":7,"column":558}},"line":7},"3":{"name":"_interopRequireDefault","decl":{"start":{"line":29,"column":9},"end":{"line":29,"column":31}},"loc":{"start":{"line":29,"column":37},"end":{"line":29,"column":95}},"line":29},"4":{"name":"_asyncToGenerator","decl":{"start":{"line":31,"column":9},"end":{"line":31,"column":26}},"loc":{"start":{"line":31,"column":31},"end":{"line":31,"column":458}},"line":31},"5":{"name":"(anonymous_5)","decl":{"start":{"line":31,"column":40},"end":{"line":31,"column":41}},"loc":{"start":{"line":31,"column":52},"end":{"line":31,"column":455}},"line":31},"6":{"name":"(anonymous_6)","decl":{"start":{"line":31,"column":110},"end":{"line":31,"column":111}},"loc":{"start":{"line":31,"column":137},"end":{"line":31,"column":451}},"line":31},"7":{"name":"step","decl":{"start":{"line":31,"column":148},"end":{"line":31,"column":152}},"loc":{"start":{"line":31,"column":163},"end":{"line":31,"column":428}},"line":31},"8":{"name":"(anonymous_8)","decl":{"start":{"line":31,"column":341},"end":{"line":31,"column":342}},"loc":{"start":{"line":31,"column":358},"end":{"line":31,"column":382}},"line":31},"9":{"name":"(anonymous_9)","decl":{"start":{"line":31,"column":384},"end":{"line":31,"column":385}},"loc":{"start":{"line":31,"column":399},"end":{"line":31,"column":422}},"line":31},"10":{"name":"_classCallCheck","decl":{"start":{"line":33,"column":9},"end":{"line":33,"column":24}},"loc":{"start":{"line":33,"column":48},"end":{"line":33,"column":153}},"line":33},"11":{"name":"_defineProperty","decl":{"start":{"line":35,"column":9},"end":{"line":35,"column":24}},"loc":{"start":{"line":35,"column":42},"end":{"line":35,"column":209}},"line":35},"12":{"name":"userNameAndEmailValidation","decl":{"start":{"line":46,"column":42},"end":{"line":46,"column":68}},"loc":{"start":{"line":46,"column":86},"end":{"line":65,"column":1}},"line":46},"13":{"name":"(anonymous_13)","decl":{"start":{"line":47,"column":28},"end":{"line":47,"column":29}},"loc":{"start":{"line":47,"column":55},"end":{"line":63,"column":3}},"line":47},"14":{"name":"(anonymous_14)","decl":{"start":{"line":51,"column":12},"end":{"line":51,"column":13}},"loc":{"start":{"line":51,"column":28},"end":{"line":62,"column":5}},"line":51},"15":{"name":"(anonymous_15)","decl":{"start":{"line":67,"column":12},"end":{"line":67,"column":13}},"loc":{"start":{"line":67,"column":24},"end":{"line":317,"column":1}},"line":67},"16":{"name":"Users","decl":{"start":{"line":68,"column":11},"end":{"line":68,"column":16}},"loc":{"start":{"line":68,"column":19},"end":{"line":70,"column":3}},"line":68},"17":{"name":"signUp","decl":{"start":{"line":83,"column":20},"end":{"line":83,"column":26}},"loc":{"start":{"line":83,"column":37},"end":{"line":127,"column":5}},"line":83},"18":{"name":"(anonymous_18)","decl":{"start":{"line":96,"column":57},"end":{"line":96,"column":58}},"loc":{"start":{"line":96,"column":69},"end":{"line":119,"column":9}},"line":96},"19":{"name":"(anonymous_19)","decl":{"start":{"line":103,"column":18},"end":{"line":103,"column":19}},"loc":{"start":{"line":103,"column":34},"end":{"line":113,"column":11}},"line":103},"20":{"name":"(anonymous_20)","decl":{"start":{"line":113,"column":19},"end":{"line":113,"column":20}},"loc":{"start":{"line":113,"column":36},"end":{"line":118,"column":11}},"line":113},"21":{"name":"(anonymous_21)","decl":{"start":{"line":119,"column":17},"end":{"line":119,"column":18}},"loc":{"start":{"line":119,"column":34},"end":{"line":124,"column":9}},"line":119},"22":{"name":"(anonymous_22)","decl":{"start":{"line":142,"column":11},"end":{"line":142,"column":12}},"loc":{"start":{"line":142,"column":23},"end":{"line":211,"column":5}},"line":142},"23":{"name":"_callee","decl":{"start":{"line":143,"column":82},"end":{"line":143,"column":89}},"loc":{"start":{"line":143,"column":100},"end":{"line":204,"column":7}},"line":143},"24":{"name":"_callee$","decl":{"start":{"line":146,"column":48},"end":{"line":146,"column":56}},"loc":{"start":{"line":146,"column":67},"end":{"line":203,"column":9}},"line":146},"25":{"name":"signIn","decl":{"start":{"line":206,"column":15},"end":{"line":206,"column":21}},"loc":{"start":{"line":206,"column":31},"end":{"line":208,"column":7}},"line":206},"26":{"name":"(anonymous_26)","decl":{"start":{"line":221,"column":11},"end":{"line":221,"column":12}},"loc":{"start":{"line":221,"column":23},"end":{"line":293,"column":5}},"line":221},"27":{"name":"_callee2","decl":{"start":{"line":222,"column":83},"end":{"line":222,"column":91}},"loc":{"start":{"line":222,"column":102},"end":{"line":286,"column":7}},"line":222},"28":{"name":"_callee2$","decl":{"start":{"line":224,"column":48},"end":{"line":224,"column":57}},"loc":{"start":{"line":224,"column":69},"end":{"line":285,"column":9}},"line":224},"29":{"name":"listAUser","decl":{"start":{"line":288,"column":15},"end":{"line":288,"column":24}},"loc":{"start":{"line":288,"column":35},"end":{"line":290,"column":7}},"line":288},"30":{"name":"destroy","decl":{"start":{"line":296,"column":20},"end":{"line":296,"column":27}},"loc":{"start":{"line":296,"column":38},"end":{"line":313,"column":5}},"line":296},"31":{"name":"(anonymous_31)","decl":{"start":{"line":297,"column":59},"end":{"line":297,"column":60}},"loc":{"start":{"line":297,"column":75},"end":{"line":310,"column":7}},"line":297},"32":{"name":"(anonymous_32)","decl":{"start":{"line":303,"column":35},"end":{"line":303,"column":36}},"loc":{"start":{"line":303,"column":47},"end":{"line":307,"column":9}},"line":303},"33":{"name":"(anonymous_33)","decl":{"start":{"line":307,"column":17},"end":{"line":307,"column":18}},"loc":{"start":{"line":307,"column":34},"end":{"line":309,"column":9}},"line":307},"34":{"name":"(anonymous_34)","decl":{"start":{"line":310,"column":15},"end":{"line":310,"column":16}},"loc":{"start":{"line":310,"column":32},"end":{"line":312,"column":7}},"line":310}},"branchMap":{"0":{"loc":{"start":{"line":7,"column":168},"end":{"line":7,"column":198}},"type":"binary-expr","locations":[{"start":{"line":7,"column":168},"end":{"line":7,"column":189}},{"start":{"line":7,"column":193},"end":{"line":7,"column":198}}],"line":7},"1":{"loc":{"start":{"line":7,"column":232},"end":{"line":7,"column":286}},"type":"if","locations":[{"start":{"line":7,"column":232},"end":{"line":7,"column":286}},{"start":{"line":7,"column":232},"end":{"line":7,"column":286}}],"line":7},"2":{"loc":{"start":{"line":7,"column":407},"end":{"line":7,"column":475}},"type":"if","locations":[{"start":{"line":7,"column":407},"end":{"line":7,"column":475}},{"start":{"line":7,"column":407},"end":{"line":7,"column":475}}],"line":7},"3":{"loc":{"start":{"line":7,"column":476},"end":{"line":7,"column":536}},"type":"if","locations":[{"start":{"line":7,"column":476},"end":{"line":7,"column":536}},{"start":{"line":7,"column":476},"end":{"line":7,"column":536}}],"line":7},"4":{"loc":{"start":{"line":29,"column":46},"end":{"line":29,"column":92}},"type":"cond-expr","locations":[{"start":{"line":29,"column":70},"end":{"line":29,"column":73}},{"start":{"line":29,"column":76},"end":{"line":29,"column":92}}],"line":29},"5":{"loc":{"start":{"line":29,"column":46},"end":{"line":29,"column":67}},"type":"binary-expr","locations":[{"start":{"line":29,"column":46},"end":{"line":29,"column":49}},{"start":{"line":29,"column":53},"end":{"line":29,"column":67}}],"line":29},"6":{"loc":{"start":{"line":31,"column":264},"end":{"line":31,"column":426}},"type":"if","locations":[{"start":{"line":31,"column":264},"end":{"line":31,"column":426}},{"start":{"line":31,"column":264},"end":{"line":31,"column":426}}],"line":31},"7":{"loc":{"start":{"line":33,"column":50},"end":{"line":33,"column":151}},"type":"if","locations":[{"start":{"line":33,"column":50},"end":{"line":33,"column":151}},{"start":{"line":33,"column":50},"end":{"line":33,"column":151}}],"line":33},"8":{"loc":{"start":{"line":35,"column":44},"end":{"line":35,"column":195}},"type":"if","locations":[{"start":{"line":35,"column":44},"end":{"line":35,"column":195}},{"start":{"line":35,"column":44},"end":{"line":35,"column":195}}],"line":35},"9":{"loc":{"start":{"line":52,"column":6},"end":{"line":60,"column":7}},"type":"if","locations":[{"start":{"line":52,"column":6},"end":{"line":60,"column":7}},{"start":{"line":52,"column":6},"end":{"line":60,"column":7}}],"line":52},"10":{"loc":{"start":{"line":54,"column":8},"end":{"line":58,"column":9}},"type":"if","locations":[{"start":{"line":54,"column":8},"end":{"line":58,"column":9}},{"start":{"line":54,"column":8},"end":{"line":58,"column":9}}],"line":54},"11":{"loc":{"start":{"line":93,"column":6},"end":{"line":125,"column":7}},"type":"if","locations":[{"start":{"line":93,"column":6},"end":{"line":125,"column":7}},{"start":{"line":93,"column":6},"end":{"line":125,"column":7}}],"line":93},"12":{"loc":{"start":{"line":148,"column":12},"end":{"line":201,"column":13}},"type":"switch","locations":[{"start":{"line":149,"column":14},"end":{"line":156,"column":19}},{"start":{"line":158,"column":14},"end":{"line":170,"column":82}},{"start":{"line":172,"column":14},"end":{"line":185,"column":20}},{"start":{"line":187,"column":14},"end":{"line":190,"column":20}},{"start":{"line":192,"column":14},"end":{"line":196,"column":20}},{"start":{"line":198,"column":14},"end":{"line":198,"column":22}},{"start":{"line":199,"column":14},"end":{"line":200,"column":39}}],"line":148},"13":{"loc":{"start":{"line":161,"column":16},"end":{"line":164,"column":17}},"type":"if","locations":[{"start":{"line":161,"column":16},"end":{"line":164,"column":17}},{"start":{"line":161,"column":16},"end":{"line":164,"column":17}}],"line":161},"14":{"loc":{"start":{"line":175,"column":16},"end":{"line":178,"column":17}},"type":"if","locations":[{"start":{"line":175,"column":16},"end":{"line":178,"column":17}},{"start":{"line":175,"column":16},"end":{"line":178,"column":17}}],"line":175},"15":{"loc":{"start":{"line":226,"column":12},"end":{"line":283,"column":13}},"type":"switch","locations":[{"start":{"line":227,"column":14},"end":{"line":231,"column":132}},{"start":{"line":233,"column":14},"end":{"line":236,"column":75}},{"start":{"line":238,"column":14},"end":{"line":241,"column":75}},{"start":{"line":243,"column":14},"end":{"line":246,"column":77}},{"start":{"line":248,"column":14},"end":{"line":265,"column":20}},{"start":{"line":267,"column":14},"end":{"line":268,"column":71}},{"start":{"line":270,"column":14},"end":{"line":278,"column":19}},{"start":{"line":280,"column":14},"end":{"line":280,"column":22}},{"start":{"line":281,"column":14},"end":{"line":282,"column":40}}],"line":226},"16":{"loc":{"start":{"line":251,"column":16},"end":{"line":254,"column":17}},"type":"if","locations":[{"start":{"line":251,"column":16},"end":{"line":254,"column":17}},{"start":{"line":251,"column":16},"end":{"line":254,"column":17}}],"line":251},"17":{"loc":{"start":{"line":251,"column":22},"end":{"line":251,"column":88}},"type":"binary-expr","locations":[{"start":{"line":251,"column":22},"end":{"line":251,"column":26}},{"start":{"line":251,"column":30},"end":{"line":251,"column":46}},{"start":{"line":251,"column":50},"end":{"line":251,"column":66}},{"start":{"line":251,"column":70},"end":{"line":251,"column":88}}],"line":251},"18":{"loc":{"start":{"line":298,"column":8},"end":{"line":302,"column":9}},"type":"if","locations":[{"start":{"line":298,"column":8},"end":{"line":302,"column":9}},{"start":{"line":298,"column":8},"end":{"line":302,"column":9}}],"line":298}},"s":{"0":1,"1":1,"2":1,"3":4,"4":4,"5":4,"6":4,"7":4,"8":4,"9":1,"10":1,"11":0,"12":1,"13":1,"14":1,"15":1,"16":1,"17":1,"18":1,"19":1,"20":1,"21":1,"22":1,"23":1,"24":1,"25":4,"26":2,"27":4,"28":4,"29":12,"30":12,"31":12,"32":0,"33":0,"34":12,"35":4,"36":8,"37":8,"38":0,"39":4,"40":0,"41":0,"42":7,"43":0,"44":7,"45":7,"46":1,"47":1,"48":1,"49":3,"50":3,"51":3,"52":2,"53":2,"54":1,"55":1,"56":2,"57":3,"58":3,"59":1,"60":0,"61":1,"62":11,"63":11,"64":11,"65":11,"66":11,"67":11,"68":11,"69":11,"70":8,"71":3,"72":1,"73":1,"74":1,"75":1,"76":0,"77":2,"78":3,"79":1,"80":4,"81":16,"82":16,"83":4,"84":4,"85":4,"86":4,"87":4,"88":4,"89":0,"90":0,"91":4,"92":4,"93":4,"94":4,"95":4,"96":4,"97":4,"98":0,"99":0,"100":4,"101":0,"102":0,"103":4,"104":4,"105":1,"106":1,"107":0,"108":0,"109":0,"110":0,"111":0,"112":0,"113":0,"114":0,"115":0,"116":0,"117":0,"118":0,"119":0,"120":0,"121":0,"122":0,"123":0,"124":0,"125":0,"126":0,"127":0,"128":0,"129":0,"130":0,"131":0,"132":0,"133":0,"134":0,"135":0,"136":0,"137":0,"138":0,"139":1,"140":0,"141":0,"142":0,"143":0,"144":0,"145":0,"146":0,"147":1,"148":1},"f":{"0":1,"1":1,"2":1,"3":4,"4":2,"5":4,"6":4,"7":12,"8":8,"9":0,"10":0,"11":7,"12":3,"13":3,"14":3,"15":1,"16":0,"17":11,"18":1,"19":1,"20":0,"21":2,"22":1,"23":4,"24":16,"25":4,"26":1,"27":0,"28":0,"29":0,"30":0,"31":0,"32":0,"33":0,"34":0},"b":{"0":[4,4],"1":[4,0],"2":[0,1],"3":[1,0],"4":[1,3],"5":[4,4],"6":[4,8],"7":[0,0],"8":[0,7],"9":[2,1],"10":[1,1],"11":[8,3],"12":[4,4,4,0,0,0,4],"13":[0,4],"14":[0,4],"15":[0,0,0,0,0,0,0,0,0],"16":[0,0],"17":[0,0,0,0],"18":[0,0]},"_coverageSchema":"332fd63041d2c1bcb487cc26dd0d5f7d97098a6c","hash":"10937494840f198021791996867dca4014388ff9","contentHash":"89789f203431b6cca297c662315abe8d_11.6.0"},"C:\\Users\\duntu\\Desktop\\more-recipe-server\\server\\utility\\trimUserData.js":{"path":"C:\\Users\\duntu\\Desktop\\more-recipe-server\\server\\utility\\trimUserData.js","statementMap":{"0":{"start":{"line":3,"column":0},"end":{"line":5,"column":3}},"1":{"start":{"line":6,"column":15},"end":{"line":8,"column":1}},"2":{"start":{"line":7,"column":4},"end":{"line":7,"column":61}},"3":{"start":{"line":9,"column":0},"end":{"line":9,"column":27}}},"fnMap":{"0":{"name":"trimData","decl":{"start":{"line":6,"column":24},"end":{"line":6,"column":32}},"loc":{"start":{"line":6,"column":48},"end":{"line":8,"column":1}},"line":6}},"branchMap":{"0":{"loc":{"start":{"line":7,"column":12},"end":{"line":7,"column":24}},"type":"binary-expr","locations":[{"start":{"line":7,"column":12},"end":{"line":7,"column":18}},{"start":{"line":7,"column":22},"end":{"line":7,"column":24}}],"line":7},"1":{"loc":{"start":{"line":7,"column":48},"end":{"line":7,"column":59}},"type":"binary-expr","locations":[{"start":{"line":7,"column":48},"end":{"line":7,"column":53}},{"start":{"line":7,"column":57},"end":{"line":7,"column":59}}],"line":7}},"s":{"0":1,"1":1,"2":24,"3":1},"f":{"0":24},"b":{"0":[24,0],"1":[24,24]},"_coverageSchema":"332fd63041d2c1bcb487cc26dd0d5f7d97098a6c","hash":"85f08df1c7a9def17568f9e1e7212676ac8b2c62","contentHash":"ae05cfa3e377109bb79819e60490d9d4_11.6.0"},"C:\\Users\\duntu\\Desktop\\more-recipe-server\\server\\middlewares\\inputValidation.js":{"path":"C:\\Users\\duntu\\Desktop\\more-recipe-server\\server\\middlewares\\inputValidation.js","statementMap":{"0":{"start":{"line":3,"column":0},"end":{"line":5,"column":3}},"1":{"start":{"line":6,"column":0},"end":{"line":6,"column":63}},"2":{"start":{"line":8,"column":14},"end":{"line":8,"column":34}},"3":{"start":{"line":10,"column":15},"end":{"line":10,"column":46}},"4":{"start":{"line":12,"column":20},"end":{"line":12,"column":54}},"5":{"start":{"line":14,"column":21},"end":{"line":14,"column":58}},"6":{"start":{"line":16,"column":39},"end":{"line":16,"column":93}},"7":{"start":{"line":26,"column":13},"end":{"line":26,"column":36}},"8":{"start":{"line":27,"column":22},"end":{"line":92,"column":1}},"9":{"start":{"line":28,"column":4},"end":{"line":80,"column":7}},"10":{"start":{"line":81,"column":17},"end":{"line":81,"column":39}},"11":{"start":{"line":82,"column":4},"end":{"line":91,"column":5}},"12":{"start":{"line":83,"column":24},"end":{"line":83,"column":26}},"13":{"start":{"line":84,"column":8},"end":{"line":89,"column":11}},"14":{"start":{"line":85,"column":12},"end":{"line":88,"column":15}},"15":{"start":{"line":90,"column":8},"end":{"line":90,"column":25}},"16":{"start":{"line":94,"column":23},"end":{"line":104,"column":1}},"17":{"start":{"line":95,"column":17},"end":{"line":95,"column":23}},"18":{"start":{"line":96,"column":18},"end":{"line":96,"column":34}},"19":{"start":{"line":97,"column":17},"end":{"line":97,"column":32}},"20":{"start":{"line":98,"column":19},"end":{"line":98,"column":38}},"21":{"start":{"line":99,"column":4},"end":{"line":101,"column":5}},"22":{"start":{"line":100,"column":8},"end":{"line":100,"column":65}},"23":{"start":{"line":103,"column":4},"end":{"line":103,"column":18}}},"fnMap":{"0":{"name":"_interopRequireDefault","decl":{"start":{"line":16,"column":9},"end":{"line":16,"column":31}},"loc":{"start":{"line":16,"column":37},"end":{"line":16,"column":95}},"line":16},"1":{"name":"inputValidation","decl":{"start":{"line":27,"column":57},"end":{"line":27,"column":72}},"loc":{"start":{"line":27,"column":83},"end":{"line":92,"column":1}},"line":27},"2":{"name":"(anonymous_2)","decl":{"start":{"line":84,"column":23},"end":{"line":84,"column":24}},"loc":{"start":{"line":84,"column":40},"end":{"line":89,"column":9}},"line":84},"3":{"name":"reviewValidation","decl":{"start":{"line":94,"column":59},"end":{"line":94,"column":75}},"loc":{"start":{"line":94,"column":86},"end":{"line":104,"column":1}},"line":94}},"branchMap":{"0":{"loc":{"start":{"line":16,"column":46},"end":{"line":16,"column":92}},"type":"cond-expr","locations":[{"start":{"line":16,"column":70},"end":{"line":16,"column":73}},{"start":{"line":16,"column":76},"end":{"line":16,"column":92}}],"line":16},"1":{"loc":{"start":{"line":16,"column":46},"end":{"line":16,"column":67}},"type":"binary-expr","locations":[{"start":{"line":16,"column":46},"end":{"line":16,"column":49}},{"start":{"line":16,"column":53},"end":{"line":16,"column":67}}],"line":16},"2":{"loc":{"start":{"line":82,"column":4},"end":{"line":91,"column":5}},"type":"if","locations":[{"start":{"line":82,"column":4},"end":{"line":91,"column":5}},{"start":{"line":82,"column":4},"end":{"line":91,"column":5}}],"line":82},"3":{"loc":{"start":{"line":99,"column":4},"end":{"line":101,"column":5}},"type":"if","locations":[{"start":{"line":99,"column":4},"end":{"line":101,"column":5}},{"start":{"line":99,"column":4},"end":{"line":101,"column":5}}],"line":99},"4":{"loc":{"start":{"line":99,"column":8},"end":{"line":99,"column":38}},"type":"binary-expr","locations":[{"start":{"line":99,"column":8},"end":{"line":99,"column":16}},{"start":{"line":99,"column":20},"end":{"line":99,"column":38}}],"line":99}},"s":{"0":1,"1":1,"2":1,"3":1,"4":1,"5":1,"6":2,"7":1,"8":1,"9":11,"10":11,"11":11,"12":8,"13":8,"14":8,"15":8,"16":1,"17":0,"18":0,"19":0,"20":0,"21":0,"22":0,"23":0},"f":{"0":2,"1":11,"2":8,"3":0},"b":{"0":[1,1],"1":[2,2],"2":[8,3],"3":[0,0],"4":[0,0]},"_coverageSchema":"332fd63041d2c1bcb487cc26dd0d5f7d97098a6c","hash":"c16d4dbb4ef9d997c324e8bfde32e7eae74c240f","contentHash":"c33b77f4372452dd676862d52c518578_11.6.0"},"C:\\Users\\duntu\\Desktop\\more-recipe-server\\server\\models\\index.js":{"path":"C:\\Users\\duntu\\Desktop\\more-recipe-server\\server\\models\\index.js","statementMap":{"0":{"start":{"line":3,"column":9},"end":{"line":3,"column":22}},"1":{"start":{"line":4,"column":11},"end":{"line":4,"column":26}},"2":{"start":{"line":5,"column":16},"end":{"line":5,"column":36}},"3":{"start":{"line":6,"column":15},"end":{"line":6,"column":45}},"4":{"start":{"line":7,"column":10},"end":{"line":7,"column":47}},"5":{"start":{"line":8,"column":13},"end":{"line":8,"column":61}},"6":{"start":{"line":9,"column":9},"end":{"line":9,"column":11}},"7":{"start":{"line":11,"column":16},"end":{"line":11,"column":22}},"8":{"start":{"line":12,"column":0},"end":{"line":16,"column":1}},"9":{"start":{"line":13,"column":2},"end":{"line":13,"column":66}},"10":{"start":{"line":15,"column":2},"end":{"line":15,"column":87}},"11":{"start":{"line":18,"column":0},"end":{"line":23,"column":3}},"12":{"start":{"line":19,"column":2},"end":{"line":19,"column":82}},"13":{"start":{"line":21,"column":14},"end":{"line":21,"column":58}},"14":{"start":{"line":22,"column":2},"end":{"line":22,"column":25}},"15":{"start":{"line":25,"column":0},"end":{"line":29,"column":3}},"16":{"start":{"line":26,"column":2},"end":{"line":28,"column":3}},"17":{"start":{"line":27,"column":4},"end":{"line":27,"column":32}},"18":{"start":{"line":31,"column":0},"end":{"line":31,"column":25}},"19":{"start":{"line":32,"column":0},"end":{"line":32,"column":25}},"20":{"start":{"line":34,"column":0},"end":{"line":34,"column":20}}},"fnMap":{"0":{"name":"(anonymous_0)","decl":{"start":{"line":18,"column":33},"end":{"line":18,"column":34}},"loc":{"start":{"line":18,"column":49},"end":{"line":20,"column":1}},"line":18},"1":{"name":"(anonymous_1)","decl":{"start":{"line":20,"column":11},"end":{"line":20,"column":12}},"loc":{"start":{"line":20,"column":27},"end":{"line":23,"column":1}},"line":20},"2":{"name":"(anonymous_2)","decl":{"start":{"line":25,"column":24},"end":{"line":25,"column":25}},"loc":{"start":{"line":25,"column":45},"end":{"line":29,"column":1}},"line":25}},"branchMap":{"0":{"loc":{"start":{"line":7,"column":10},"end":{"line":7,"column":47}},"type":"binary-expr","locations":[{"start":{"line":7,"column":10},"end":{"line":7,"column":30}},{"start":{"line":7,"column":34},"end":{"line":7,"column":47}}],"line":7},"1":{"loc":{"start":{"line":12,"column":0},"end":{"line":16,"column":1}},"type":"if","locations":[{"start":{"line":12,"column":0},"end":{"line":16,"column":1}},{"start":{"line":12,"column":0},"end":{"line":16,"column":1}}],"line":12},"2":{"loc":{"start":{"line":19,"column":9},"end":{"line":19,"column":81}},"type":"binary-expr","locations":[{"start":{"line":19,"column":9},"end":{"line":19,"column":32}},{"start":{"line":19,"column":36},"end":{"line":19,"column":53}},{"start":{"line":19,"column":57},"end":{"line":19,"column":81}}],"line":19},"3":{"loc":{"start":{"line":26,"column":2},"end":{"line":28,"column":3}},"type":"if","locations":[{"start":{"line":26,"column":2},"end":{"line":28,"column":3}},{"start":{"line":26,"column":2},"end":{"line":28,"column":3}}],"line":26}},"s":{"0":1,"1":1,"2":1,"3":1,"4":1,"5":1,"6":1,"7":1,"8":1,"9":0,"10":1,"11":1,"12":7,"13":6,"14":6,"15":1,"16":6,"17":6,"18":1,"19":1,"20":1},"f":{"0":7,"1":6,"2":6},"b":{"0":[1,1],"1":[0,1],"2":[7,7,6],"3":[6,0]},"_coverageSchema":"332fd63041d2c1bcb487cc26dd0d5f7d97098a6c","hash":"b33531e3a3920bf2ef8e6bc80ecbc433312d1480","contentHash":"32eaa8d96d0dcb3565fccdbb628d4e94_11.6.0"},"C:\\Users\\duntu\\Desktop\\more-recipe-server\\server\\config\\config.js":{"path":"C:\\Users\\duntu\\Desktop\\more-recipe-server\\server\\config\\config.js","statementMap":{"0":{"start":{"line":3,"column":9},"end":{"line":3,"column":35}},"1":{"start":{"line":4,"column":0},"end":{"line":28,"column":2}}},"fnMap":{},"branchMap":{},"s":{"0":1,"1":1},"f":{},"b":{},"_coverageSchema":"332fd63041d2c1bcb487cc26dd0d5f7d97098a6c","hash":"0b75c6eb2449a92f1c75e50b6a51bc1a6362560e","contentHash":"543322521804fa6ecb79f113ad38b03d_11.6.0"},"C:\\Users\\duntu\\Desktop\\more-recipe-server\\server\\models\\downvote.js":{"path":"C:\\Users\\duntu\\Desktop\\more-recipe-server\\server\\models\\downvote.js","statementMap":{"0":{"start":{"line":9,"column":0},"end":{"line":38,"column":2}},"1":{"start":{"line":10,"column":17},"end":{"line":27,"column":4}},"2":{"start":{"line":28,"column":2},"end":{"line":36,"column":4}},"3":{"start":{"line":30,"column":4},"end":{"line":32,"column":7}},"4":{"start":{"line":33,"column":4},"end":{"line":35,"column":7}},"5":{"start":{"line":37,"column":2},"end":{"line":37,"column":18}}},"fnMap":{"0":{"name":"(anonymous_0)","decl":{"start":{"line":9,"column":17},"end":{"line":9,"column":18}},"loc":{"start":{"line":9,"column":49},"end":{"line":38,"column":1}},"line":9},"1":{"name":"(anonymous_1)","decl":{"start":{"line":28,"column":23},"end":{"line":28,"column":24}},"loc":{"start":{"line":28,"column":41},"end":{"line":36,"column":3}},"line":28}},"branchMap":{},"s":{"0":1,"1":1,"2":1,"3":1,"4":1,"5":1},"f":{"0":1,"1":1},"b":{},"_coverageSchema":"332fd63041d2c1bcb487cc26dd0d5f7d97098a6c","hash":"9850614494819cea56b5763d633a0b1f80c4bb9c","contentHash":"65e8c281545ae94ba0f93287bb7ec977_11.6.0"},"C:\\Users\\duntu\\Desktop\\more-recipe-server\\server\\models\\favorite.js":{"path":"C:\\Users\\duntu\\Desktop\\more-recipe-server\\server\\models\\favorite.js","statementMap":{"0":{"start":{"line":3,"column":0},"end":{"line":5,"column":3}},"1":{"start":{"line":13,"column":0},"end":{"line":45,"column":2}},"2":{"start":{"line":14,"column":17},"end":{"line":33,"column":4}},"3":{"start":{"line":34,"column":2},"end":{"line":43,"column":4}},"4":{"start":{"line":35,"column":4},"end":{"line":38,"column":7}},"5":{"start":{"line":39,"column":4},"end":{"line":42,"column":7}},"6":{"start":{"line":44,"column":2},"end":{"line":44,"column":18}}},"fnMap":{"0":{"name":"(anonymous_0)","decl":{"start":{"line":13,"column":18},"end":{"line":13,"column":19}},"loc":{"start":{"line":13,"column":50},"end":{"line":45,"column":1}},"line":13},"1":{"name":"(anonymous_1)","decl":{"start":{"line":34,"column":23},"end":{"line":34,"column":24}},"loc":{"start":{"line":34,"column":41},"end":{"line":43,"column":3}},"line":34}},"branchMap":{},"s":{"0":1,"1":1,"2":1,"3":1,"4":1,"5":1,"6":1},"f":{"0":1,"1":1},"b":{},"_coverageSchema":"332fd63041d2c1bcb487cc26dd0d5f7d97098a6c","hash":"557dbd8c66058ee4ee555b63226d0713b9ac8ebe","contentHash":"ad3b7af2c1719a3cd4694e8102d55422_11.6.0"},"C:\\Users\\duntu\\Desktop\\more-recipe-server\\server\\models\\recipe.js":{"path":"C:\\Users\\duntu\\Desktop\\more-recipe-server\\server\\models\\recipe.js","statementMap":{"0":{"start":{"line":3,"column":0},"end":{"line":81,"column":2}},"1":{"start":{"line":4,"column":15},"end":{"line":61,"column":4}},"2":{"start":{"line":62,"column":2},"end":{"line":79,"column":4}},"3":{"start":{"line":64,"column":4},"end":{"line":66,"column":7}},"4":{"start":{"line":67,"column":4},"end":{"line":69,"column":7}},"5":{"start":{"line":70,"column":4},"end":{"line":72,"column":7}},"6":{"start":{"line":73,"column":4},"end":{"line":75,"column":7}},"7":{"start":{"line":76,"column":4},"end":{"line":78,"column":7}},"8":{"start":{"line":80,"column":2},"end":{"line":80,"column":16}}},"fnMap":{"0":{"name":"(anonymous_0)","decl":{"start":{"line":3,"column":17},"end":{"line":3,"column":18}},"loc":{"start":{"line":3,"column":49},"end":{"line":81,"column":1}},"line":3},"1":{"name":"(anonymous_1)","decl":{"start":{"line":62,"column":21},"end":{"line":62,"column":22}},"loc":{"start":{"line":62,"column":39},"end":{"line":79,"column":3}},"line":62}},"branchMap":{},"s":{"0":1,"1":1,"2":1,"3":1,"4":1,"5":1,"6":1,"7":1,"8":1},"f":{"0":1,"1":1},"b":{},"_coverageSchema":"332fd63041d2c1bcb487cc26dd0d5f7d97098a6c","hash":"04a449fb58652b312c58c8a0cccb29a3011baa02","contentHash":"44d9f0c549b9e0828fd993103ae389b6_11.6.0"},"C:\\Users\\duntu\\Desktop\\more-recipe-server\\server\\models\\review.js":{"path":"C:\\Users\\duntu\\Desktop\\more-recipe-server\\server\\models\\review.js","statementMap":{"0":{"start":{"line":3,"column":0},"end":{"line":5,"column":3}},"1":{"start":{"line":13,"column":0},"end":{"line":56,"column":2}},"2":{"start":{"line":14,"column":15},"end":{"line":44,"column":4}},"3":{"start":{"line":46,"column":2},"end":{"line":54,"column":4}},"4":{"start":{"line":47,"column":4},"end":{"line":49,"column":7}},"5":{"start":{"line":50,"column":4},"end":{"line":53,"column":7}},"6":{"start":{"line":55,"column":2},"end":{"line":55,"column":16}}},"fnMap":{"0":{"name":"(anonymous_0)","decl":{"start":{"line":13,"column":18},"end":{"line":13,"column":19}},"loc":{"start":{"line":13,"column":50},"end":{"line":56,"column":1}},"line":13},"1":{"name":"(anonymous_1)","decl":{"start":{"line":46,"column":21},"end":{"line":46,"column":22}},"loc":{"start":{"line":46,"column":39},"end":{"line":54,"column":3}},"line":46}},"branchMap":{},"s":{"0":1,"1":1,"2":1,"3":1,"4":1,"5":1,"6":1},"f":{"0":1,"1":1},"b":{},"_coverageSchema":"332fd63041d2c1bcb487cc26dd0d5f7d97098a6c","hash":"d493e08f71ba6cd79e71303f514dcd41c6d8849f","contentHash":"ab992a247fbd1bb5386d1fbac45d37aa_11.6.0"},"C:\\Users\\duntu\\Desktop\\more-recipe-server\\server\\models\\upvote.js":{"path":"C:\\Users\\duntu\\Desktop\\more-recipe-server\\server\\models\\upvote.js","statementMap":{"0":{"start":{"line":9,"column":0},"end":{"line":38,"column":2}},"1":{"start":{"line":10,"column":15},"end":{"line":27,"column":4}},"2":{"start":{"line":28,"column":2},"end":{"line":36,"column":4}},"3":{"start":{"line":30,"column":4},"end":{"line":32,"column":7}},"4":{"start":{"line":33,"column":4},"end":{"line":35,"column":7}},"5":{"start":{"line":37,"column":2},"end":{"line":37,"column":16}}},"fnMap":{"0":{"name":"(anonymous_0)","decl":{"start":{"line":9,"column":17},"end":{"line":9,"column":18}},"loc":{"start":{"line":9,"column":49},"end":{"line":38,"column":1}},"line":9},"1":{"name":"(anonymous_1)","decl":{"start":{"line":28,"column":21},"end":{"line":28,"column":22}},"loc":{"start":{"line":28,"column":39},"end":{"line":36,"column":3}},"line":28}},"branchMap":{},"s":{"0":1,"1":1,"2":1,"3":1,"4":1,"5":1},"f":{"0":1,"1":1},"b":{},"_coverageSchema":"332fd63041d2c1bcb487cc26dd0d5f7d97098a6c","hash":"45efc25e38ef116e7da96c81cc16e213e9206aaa","contentHash":"421501eea6062edffdc51297fc0cf19f_11.6.0"},"C:\\Users\\duntu\\Desktop\\more-recipe-server\\server\\models\\user.js":{"path":"C:\\Users\\duntu\\Desktop\\more-recipe-server\\server\\models\\user.js","statementMap":{"0":{"start":{"line":9,"column":0},"end":{"line":88,"column":2}},"1":{"start":{"line":10,"column":13},"end":{"line":67,"column":4}},"2":{"start":{"line":68,"column":2},"end":{"line":86,"column":4}},"3":{"start":{"line":70,"column":4},"end":{"line":72,"column":7}},"4":{"start":{"line":73,"column":4},"end":{"line":76,"column":7}},"5":{"start":{"line":77,"column":4},"end":{"line":79,"column":7}},"6":{"start":{"line":80,"column":4},"end":{"line":82,"column":7}},"7":{"start":{"line":83,"column":4},"end":{"line":85,"column":7}},"8":{"start":{"line":87,"column":2},"end":{"line":87,"column":14}}},"fnMap":{"0":{"name":"(anonymous_0)","decl":{"start":{"line":9,"column":17},"end":{"line":9,"column":18}},"loc":{"start":{"line":9,"column":49},"end":{"line":88,"column":1}},"line":9},"1":{"name":"(anonymous_1)","decl":{"start":{"line":68,"column":19},"end":{"line":68,"column":20}},"loc":{"start":{"line":68,"column":37},"end":{"line":86,"column":3}},"line":68}},"branchMap":{},"s":{"0":1,"1":1,"2":1,"3":1,"4":1,"5":1,"6":1,"7":1,"8":1},"f":{"0":1,"1":1},"b":{},"_coverageSchema":"332fd63041d2c1bcb487cc26dd0d5f7d97098a6c","hash":"1e42247fc307912d0ef8d52ab8436f731b70728f","contentHash":"01d036ccdd12361aed20128f2efdeb22_11.6.0"},"C:\\Users\\duntu\\Desktop\\more-recipe-server\\server\\controllers\\recipes.js":{"path":"C:\\Users\\duntu\\Desktop\\more-recipe-server\\server\\controllers\\recipes.js","statementMap":{"0":{"start":{"line":3,"column":0},"end":{"line":5,"column":3}},"1":{"start":{"line":7,"column":19},"end":{"line":7,"column":563}},"2":{"start":{"line":7,"column":76},"end":{"line":7,"column":347}},"3":{"start":{"line":7,"column":134},"end":{"line":7,"column":142}},"4":{"start":{"line":7,"column":144},"end":{"line":7,"column":199}},"5":{"start":{"line":7,"column":200},"end":{"line":7,"column":231}},"6":{"start":{"line":7,"column":232},"end":{"line":7,"column":286}},"7":{"start":{"line":7,"column":259},"end":{"line":7,"column":286}},"8":{"start":{"line":7,"column":287},"end":{"line":7,"column":345}},"9":{"start":{"line":7,"column":350},"end":{"line":7,"column":559}},"10":{"start":{"line":7,"column":407},"end":{"line":7,"column":475}},"11":{"start":{"line":7,"column":423},"end":{"line":7,"column":475}},"12":{"start":{"line":7,"column":476},"end":{"line":7,"column":536}},"13":{"start":{"line":7,"column":493},"end":{"line":7,"column":536}},"14":{"start":{"line":7,"column":537},"end":{"line":7,"column":556}},"15":{"start":{"line":9,"column":14},"end":{"line":9,"column":34}},"16":{"start":{"line":11,"column":24},"end":{"line":11,"column":66}},"17":{"start":{"line":13,"column":17},"end":{"line":13,"column":37}},"18":{"start":{"line":15,"column":18},"end":{"line":15,"column":52}},"19":{"start":{"line":17,"column":39},"end":{"line":17,"column":93}},"20":{"start":{"line":19,"column":44},"end":{"line":19,"column":195}},"21":{"start":{"line":19,"column":62},"end":{"line":19,"column":166}},"22":{"start":{"line":19,"column":176},"end":{"line":19,"column":193}},"23":{"start":{"line":19,"column":196},"end":{"line":19,"column":207}},"24":{"start":{"line":21,"column":33},"end":{"line":21,"column":456}},"25":{"start":{"line":21,"column":64},"end":{"line":21,"column":89}},"26":{"start":{"line":21,"column":91},"end":{"line":21,"column":453}},"27":{"start":{"line":21,"column":165},"end":{"line":21,"column":263}},"28":{"start":{"line":21,"column":182},"end":{"line":21,"column":195}},"29":{"start":{"line":21,"column":209},"end":{"line":21,"column":219}},"30":{"start":{"line":21,"column":239},"end":{"line":21,"column":253}},"31":{"start":{"line":21,"column":254},"end":{"line":21,"column":261}},"32":{"start":{"line":21,"column":264},"end":{"line":21,"column":426}},"33":{"start":{"line":21,"column":281},"end":{"line":21,"column":296}},"34":{"start":{"line":21,"column":306},"end":{"line":21,"column":424}},"35":{"start":{"line":21,"column":360},"end":{"line":21,"column":380}},"36":{"start":{"line":21,"column":401},"end":{"line":21,"column":420}},"37":{"start":{"line":21,"column":429},"end":{"line":21,"column":449}},"38":{"start":{"line":23,"column":50},"end":{"line":23,"column":151}},"39":{"start":{"line":23,"column":92},"end":{"line":23,"column":149}},"40":{"start":{"line":31,"column":14},"end":{"line":272,"column":3}},"41":{"start":{"line":33,"column":4},"end":{"line":33,"column":35}},"42":{"start":{"line":36,"column":2},"end":{"line":269,"column":6}},"43":{"start":{"line":39,"column":17},"end":{"line":143,"column":9}},"44":{"start":{"line":41,"column":8},"end":{"line":142,"column":27}},"45":{"start":{"line":42,"column":10},"end":{"line":141,"column":11}},"46":{"start":{"line":43,"column":12},"end":{"line":140,"column":13}},"47":{"start":{"line":45,"column":16},"end":{"line":45,"column":341}},"48":{"start":{"line":54,"column":16},"end":{"line":54,"column":129}},"49":{"start":{"line":56,"column":16},"end":{"line":59,"column":17}},"50":{"start":{"line":57,"column":18},"end":{"line":57,"column":37}},"51":{"start":{"line":58,"column":18},"end":{"line":58,"column":24}},"52":{"start":{"line":61,"column":16},"end":{"line":61,"column":80}},"53":{"start":{"line":64,"column":16},"end":{"line":133,"column":20}},"54":{"start":{"line":65,"column":30},"end":{"line":128,"column":21}},"55":{"start":{"line":67,"column":20},"end":{"line":127,"column":38}},"56":{"start":{"line":68,"column":22},"end":{"line":126,"column":23}},"57":{"start":{"line":69,"column":24},"end":{"line":125,"column":25}},"58":{"start":{"line":71,"column":28},"end":{"line":71,"column":56}},"59":{"start":{"line":72,"column":28},"end":{"line":72,"column":46}},"60":{"start":{"line":73,"column":28},"end":{"line":75,"column":31}},"61":{"start":{"line":78,"column":28},"end":{"line":78,"column":51}},"62":{"start":{"line":80,"column":28},"end":{"line":83,"column":29}},"63":{"start":{"line":81,"column":30},"end":{"line":81,"column":48}},"64":{"start":{"line":82,"column":30},"end":{"line":82,"column":36}},"65":{"start":{"line":85,"column":28},"end":{"line":88,"column":32}},"66":{"start":{"line":91,"column":28},"end":{"line":119,"column":31}},"67":{"start":{"line":92,"column":30},"end":{"line":118,"column":33}},"68":{"start":{"line":101,"column":32},"end":{"line":112,"column":33}},"69":{"start":{"line":102,"column":34},"end":{"line":105,"column":38}},"70":{"start":{"line":107,"column":34},"end":{"line":111,"column":38}},"71":{"start":{"line":114,"column":32},"end":{"line":117,"column":35}},"72":{"start":{"line":120,"column":28},"end":{"line":120,"column":70}},"73":{"start":{"line":124,"column":28},"end":{"line":124,"column":51}},"74":{"start":{"line":130,"column":18},"end":{"line":132,"column":20}},"75":{"start":{"line":131,"column":20},"end":{"line":131,"column":56}},"76":{"start":{"line":135,"column":16},"end":{"line":135,"column":51}},"77":{"start":{"line":139,"column":16},"end":{"line":139,"column":
[...]
mn":17}},{"start":{"line":97,"column":16},"end":{"line":100,"column":17}}],"line":97},"13":{"loc":{"start":{"line":110,"column":16},"end":{"line":118,"column":17}},"type":"if","locations":[{"start":{"line":110,"column":16},"end":{"line":118,"column":17}},{"start":{"line":110,"column":16},"end":{"line":118,"column":17}}],"line":110}},"s":{"0":1,"1":1,"2":1,"3":1,"4":1,"5":1,"6":1,"7":1,"8":1,"9":1,"10":1,"11":0,"12":1,"13":1,"14":1,"15":1,"16":1,"17":1,"18":1,"19":1,"20":1,"21":1,"22":1,"23":1,"24":1,"25":5,"26":8,"27":0,"28":8,"29":8,"30":1,"31":9,"32":9,"33":17,"34":17,"35":17,"36":0,"37":0,"38":17,"39":9,"40":8,"41":8,"42":0,"43":9,"44":0,"45":0,"46":1,"47":1,"48":1,"49":0,"50":1,"51":1,"52":9,"53":22,"54":42,"55":9,"56":9,"57":9,"58":8,"59":8,"60":1,"61":8,"62":8,"63":8,"64":0,"65":8,"66":8,"67":8,"68":8,"69":4,"70":4,"71":4,"72":4,"73":4,"74":4,"75":0,"76":9,"77":9,"78":1,"79":1,"80":1},"f":{"0":1,"1":1,"2":1,"3":5,"4":8,"5":1,"6":9,"7":9,"8":17,"9":8,"10":0,"11":0,"12":1,"13":0,"14":1,"15":9,"16":22,"17":9},"b":{"0":[1,1],"1":[1,0],"2":[0,1],"3":[1,0],"4":[1,4],"5":[5,5],"6":[0,8],"7":[9,8],"8":[0,0],"9":[9,8,8,8,4,4,9],"10":[8,1],"11":[8,0],"12":[4,4],"13":[4,0]},"_coverageSchema":"332fd63041d2c1bcb487cc26dd0d5f7d97098a6c","hash":"15b05b5c1222fbed2d0f56573f4fa33fc819fbd1","contentHash":"991213ae63fc90c8455fe35644e63415_11.6.0"},"C:\\Users\\duntu\\Desktop\\more-recipe-server\\server\\seeders\\testseederdata.js":{"path":"C:\\Users\\duntu\\Desktop\\more-recipe-server\\server\\seeders\\testseederdata.js","statementMap":{"0":{"start":{"line":3,"column":0},"end":{"line":5,"column":3}},"1":{"start":{"line":6,"column":0},"end":{"line":6,"column":173}},"2":{"start":{"line":8,"column":20},"end":{"line":8,"column":43}},"3":{"start":{"line":10,"column":21},"end":{"line":10,"column":58}},"4":{"start":{"line":12,"column":14},"end":{"line":12,"column":34}},"5":{"start":{"line":14,"column":39},"end":{"line":14,"column":93}},"6":{"start":{"line":16,"column":12},"end":{"line":30,"column":2}},"7":{"start":{"line":31,"column":14},"end":{"line":59,"column":2}},"8":{"start":{"line":60,"column":14},"end":{"line":84,"column":2}},"9":{"start":{"line":90,"column":21},"end":{"line":94,"column":1}},"10":{"start":{"line":91,"column":2},"end":{"line":93,"column":5}},"11":{"start":{"line":92,"column":4},"end":{"line":92,"column":29}},"12":{"start":{"line":101,"column":23},"end":{"line":103,"column":1}},"13":{"start":{"line":102,"column":2},"end":{"line":102,"column":29}},"14":{"start":{"line":110,"column":23},"end":{"line":112,"column":1}},"15":{"start":{"line":111,"column":2},"end":{"line":111,"column":37}},"16":{"start":{"line":122,"column":20},"end":{"line":129,"column":1}},"17":{"start":{"line":123,"column":15},"end":{"line":123,"column":37}},"18":{"start":{"line":124,"column":16},"end":{"line":124,"column":60}},"19":{"start":{"line":125,"column":14},"end":{"line":127,"column":4}},"20":{"start":{"line":128,"column":2},"end":{"line":128,"column":15}},"21":{"start":{"line":130,"column":17},"end":{"line":130,"column":89}},"22":{"start":{"line":132,"column":17},"end":{"line":132,"column":89}},"23":{"start":{"line":134,"column":16},"end":{"line":139,"column":1}},"24":{"start":{"line":141,"column":18},"end":{"line":147,"column":1}}},"fnMap":{"0":{"name":"_interopRequireDefault","decl":{"start":{"line":14,"column":9},"end":{"line":14,"column":31}},"loc":{"start":{"line":14,"column":37},"end":{"line":14,"column":95}},"line":14},"1":{"name":"insertUserSeed","decl":{"start":{"line":90,"column":55},"end":{"line":90,"column":69}},"loc":{"start":{"line":90,"column":72},"end":{"line":94,"column":1}},"line":90},"2":{"name":"(anonymous_2)","decl":{"start":{"line":91,"column":59},"end":{"line":91,"column":60}},"loc":{"start":{"line":91,"column":77},"end":{"line":93,"column":3}},"line":91},"3":{"name":"insertRecipeSeed","decl":{"start":{"line":101,"column":59},"end":{"line":101,"column":75}},"loc":{"start":{"line":101,"column":78},"end":{"line":103,"column":1}},"line":101},"4":{"name":"insertReviewSeed","decl":{"start":{"line":110,"column":59},"end":{"line":110,"column":75}},"loc":{"start":{"line":110,"column":78},"end":{"line":112,"column":1}},"line":110},"5":{"name":"generateToken","decl":{"start":{"line":122,"column":29},"end":{"line":122,"column":42}},"loc":{"start":{"line":122,"column":64},"end":{"line":129,"column":1}},"line":122}},"branchMap":{"0":{"loc":{"start":{"line":14,"column":46},"end":{"line":14,"column":92}},"type":"cond-expr","locations":[{"start":{"line":14,"column":70},"end":{"line":14,"column":73}},{"start":{"line":14,"column":76},"end":{"line":14,"column":92}}],"line":14},"1":{"loc":{"start":{"line":14,"column":46},"end":{"line":14,"column":67}},"type":"binary-expr","locations":[{"start":{"line":14,"column":46},"end":{"line":14,"column":49}},{"start":{"line":14,"column":53},"end":{"line":14,"column":67}}],"line":14}},"s":{"0":1,"1":1,"2":1,"3":1,"4":1,"5":1,"6":1,"7":1,"8":1,"9":1,"10":1,"11":0,"12":1,"13":0,"14":1,"15":0,"16":1,"17":2,"18":2,"19":2,"20":2,"21":1,"22":1,"23":1,"24":1},"f":{"0":1,"1":1,"2":0,"3":0,"4":0,"5":2},"b":{"0":[0,1],"1":[1,1]},"_coverageSchema":"332fd63041d2c1bcb487cc26dd0d5f7d97098a6c","hash":"94fd730c1ca53e482be090988487362787abebf5","contentHash":"f0fca6ded9e36dadf9888db07b70e51a_11.6.0"},"C:\\Users\\duntu\\Desktop\\more-recipe-server\\src\\test\\controllers\\recipes.js":{"path":"C:\\Users\\duntu\\Desktop\\more-recipe-server\\src\\test\\controllers\\recipes.js","statementMap":{"0":{"start":{"line":3,"column":11},"end":{"line":3,"column":31}},"1":{"start":{"line":5,"column":12},"end":{"line":5,"column":40}},"2":{"start":{"line":7,"column":22},"end":{"line":7,"column":71}},"3":{"start":{"line":9,"column":12},"end":{"line":9,"column":27}},"4":{"start":{"line":11,"column":13},"end":{"line":11,"column":42}},"5":{"start":{"line":13,"column":16},"end":{"line":13,"column":36}},"6":{"start":{"line":15,"column":17},"end":{"line":15,"column":50}},"7":{"start":{"line":17,"column":14},"end":{"line":17,"column":47}},"8":{"start":{"line":19,"column":17},"end":{"line":19,"column":37}},"9":{"start":{"line":21,"column":18},"end":{"line":21,"column":52}},"10":{"start":{"line":23,"column":39},"end":{"line":23,"column":93}},"11":{"start":{"line":26,"column":0},"end":{"line":26,"column":30}},"12":{"start":{"line":28,"column":13},"end":{"line":28,"column":36}},"13":{"start":{"line":29,"column":0},"end":{"line":29,"column":39}},"14":{"start":{"line":30,"column":13},"end":{"line":30,"column":30}},"15":{"start":{"line":31,"column":12},"end":{"line":31,"column":18}},"16":{"start":{"line":32,"column":0},"end":{"line":243,"column":3}},"17":{"start":{"line":33,"column":4},"end":{"line":43,"column":7}},"18":{"start":{"line":34,"column":8},"end":{"line":42,"column":11}},"19":{"start":{"line":39,"column":12},"end":{"line":39,"column":50}},"20":{"start":{"line":40,"column":12},"end":{"line":40,"column":47}},"21":{"start":{"line":41,"column":12},"end":{"line":41,"column":19}},"22":{"start":{"line":45,"column":4},"end":{"line":242,"column":7}},"23":{"start":{"line":46,"column":8},"end":{"line":84,"column":11}},"24":{"start":{"line":47,"column":12},"end":{"line":54,"column":15}},"25":{"start":{"line":48,"column":16},"end":{"line":53,"column":19}},"26":{"start":{"line":49,"column":20},"end":{"line":49,"column":68}},"27":{"start":{"line":50,"column":20},"end":{"line":50,"column":72}},"28":{"start":{"line":51,"column":20},"end":{"line":51,"column":95}},"29":{"start":{"line":52,"column":20},"end":{"line":52,"column":27}},"30":{"start":{"line":56,"column":12},"end":{"line":63,"column":15}},"31":{"start":{"line":57,"column":16},"end":{"line":62,"column":19}},"32":{"start":{"line":58,"column":20},"end":{"line":58,"column":68}},"33":{"start":{"line":59,"column":20},"end":{"line":59,"column":72}},"34":{"start":{"line":60,"column":20},"end":{"line":60,"column":87}},"35":{"start":{"line":61,"column":20},"end":{"line":61,"column":27}},"36":{"start":{"line":85,"column":8},"end":{"line":241,"column":11}},"37":{"start":{"line":87,"column":12},"end":{"line":101,"column":15}},"38":{"start":{"line":88,"column":16},"end":{"line":100,"column":19}},"39":{"start":{"line":95,"column":20},"end":{"line":95,"column":64}},"40":{"start":{"line":96,"column":20},"end":{"line":96,"column":66}},"41":{"start":{"line":97,"column":20},"end":{"line":97,"column":115}},"42":{"start":{"line":98,"column":20},"end":{"line":98,"column":68}},"43":{"start":{"line":99,"column":20},"end":{"line":99,"column":39}},"44":{"start":{"line":103,"column":12},"end":{"line":117,"column":15}},"45":{"start":{"line":104,"column":16},"end":{"line":116,"column":19}},"46":{"start":{"line":111,"column":20},"end":{"line":111,"column":64}},"47":{"start":{"line":112,"column":20},"end":{"line":112,"column":115}},"48":{"start":{"line":113,"column":20},"end":{"line":113,"column":68}},"49":{"start":{"line":114,"column":20},"end":{"line":114,"column":66}},"50":{"start":{"line":115,"column":20},"end":{"line":115,"column":39}},"51":{"start":{"line":119,"column":12},"end":{"line":133,"column":15}},"52":{"start":{"line":120,"column":16},"end":{"line":132,"column":19}},"53":{"start":{"line":127,"column":20},"end":{"line":127,"column":64}},"54":{"start":{"line":128,"column":20},"end":{"line":128,"column":115}},"55":{"start":{"line":129,"column":20},"end":{"line":129,"column":68}},"56":{"start":{"line":130,"column":20},"end":{"line":130,"column":66}},"57":{"start":{"line":131,"column":20},"end":{"line":131,"column":39}},"58":{"start":{"line":135,"column":12},"end":{"line":149,"column":15}},"59":{"start":{"line":136,"column":16},"end":{"line":148,"column":19}},"60":{"start":{"line":143,"column":20},"end":{"line":143,"column":64}},"61":{"start":{"line":144,"column":20},"end":{"line":144,"column":115}},"62":{"start":{"line":145,"column":20},"end":{"line":145,"column":68}},"63":{"start":{"line":146,"column":20},"end":{"line":146,"column":66}},"64":{"start":{"line":147,"column":20},"end":{"line":147,"column":39}},"65":{"start":{"line":151,"column":12},"end":{"line":163,"column":15}},"66":{"start":{"line":152,"column":16},"end":{"line":162,"column":19}},"67":{"start":{"line":159,"column":20},"end":{"line":159,"column":64}},"68":{"start":{"line":160,"column":20},"end":{"line":160,"column":139}},"69":{"start":{"line":161,"column":20},"end":{"line":161,"column":39}},"70":{"start":{"line":165,"column":12},"end":{"line":180,"column":15}},"71":{"start":{"line":166,"column":16},"end":{"line":179,"column":19}},"72":{"start":{"line":173,"column":20},"end":{"line":173,"column":42}},"73":{"start":{"line":174,"column":20},"end":{"line":174,"column":64}},"74":{"start":{"line":175,"column":20},"end":{"line":175,"column":66}},"75":{"start":{"line":176,"column":20},"end":{"line":176,"column":105}},"76":{"start":{"line":177,"column":20},"end":{"line":177,"column":73}},"77":{"start":{"line":178,"column":20},"end":{"line":178,"column":39}},"78":{"start":{"line":182,"column":12},"end":{"line":195,"column":15}},"79":{"start":{"line":183,"column":16},"end":{"line":194,"column":19}},"80":{"start":{"line":190,"column":20},"end":{"line":190,"column":64}},"81":{"start":{"line":191,"column":20},"end":{"line":191,"column":66}},"82":{"start":{"line":192,"column":20},"end":{"line":192,"column":127}},"83":{"start":{"line":193,"column":20},"end":{"line":193,"column":39}},"84":{"start":{"line":197,"column":12},"end":{"line":209,"column":15}},"85":{"start":{"line":198,"column":16},"end":{"line":208,"column":19}},"86":{"start":{"line":205,"column":20},"end":{"line":205,"column":64}},"87":{"start":{"line":206,"column":20},"end":{"line":206,"column":67}},"88":{"start":{"line":207,"column":20},"end":{"line":207,"column":39}},"89":{"start":{"line":211,"column":12},"end":{"line":226,"column":15}},"90":{"start":{"line":212,"column":16},"end":{"line":225,"column":19}},"91":{"start":{"line":219,"column":20},"end":{"line":219,"column":64}},"92":{"start":{"line":220,"column":20},"end":{"line":220,"column":84}},"93":{"start":{"line":221,"column":20},"end":{"line":221,"column":97}},"94":{"start":{"line":222,"column":20},"end":{"line":222,"column":104}},"95":{"start":{"line":223,"column":20},"end":{"line":223,"column":138}},"96":{"start":{"line":224,"column":20},"end":{"line":224,"column":39}},"97":{"start":{"line":228,"column":12},"end":{"line":240,"column":15}},"98":{"start":{"line":229,"column":16},"end":{"line":239,"column":19}},"99":{"start":{"line":236,"column":20},"end":{"line":236,"column":64}},"100":{"start":{"line":237,"column":20},"end":{"line":237,"column":67}},"101":{"start":{"line":238,"column":20},"end":{"line":238,"column":39}}},"fnMap":{"0":{"name":"_interopRequireDefault","decl":{"start":{"line":23,"column":9},"end":{"line":23,"column":31}},"loc":{"start":{"line":23,"column":37},"end":{"line":23,"column":95}},"line":23},"1":{"name":"(anonymous_1)","decl":{"start":{"line":32,"column":19},"end":{"line":32,"column":20}},"loc":{"start":{"line":32,"column":31},"end":{"line":243,"column":1}},"line":32},"2":{"name":"(anonymous_2)","decl":{"start":{"line":33,"column":11},"end":{"line":33,"column":12}},"loc":{"start":{"line":33,"column":27},"end":{"line":43,"column":5}},"line":33},"3":{"name":"(anonymous_3)","decl":{"start":{"line":38,"column":16},"end":{"line":38,"column":17}},"loc":{"start":{"line":38,"column":28},"end":{"line":42,"column":9}},"line":38},"4":{"name":"(anonymous_4)","decl":{"start":{"line":45,"column":32},"end":{"line":45,"column":33}},"loc":{"start":{"line":45,"column":44},"end":{"line":242,"column":5}},"line":45},"5":{"name":"(anonymous_5)","decl":{"start":{"line":46,"column":31},"end":{"line":46,"column":32}},"loc":{"start":{"line":46,"column":43},"end":{"line":84,"column":9}},"line":46},"6":{"name":"(anonymous_6)","decl":{"start":{"line":47,"column":44},"end":{"line":47,"column":45}},"loc":{"start":{"line":47,"column":60},"end":{"line":54,"column":13}},"line":47},"7":{"name":"(anonymous_7)","decl":{"start":{"line":48,"column":137},"end":{"line":48,"column":138}},"loc":{"start":{"line":48,"column":157},"end":{"line":53,"column":17}},"line":48},"8":{"name":"(anonymous_8)","decl":{"start":{"line":56,"column":120},"end":{"line":56,"column":121}},"loc":{"start":{"line":56,"column":136},"end":{"line":63,"column":13}},"line":56},"9":{"name":"(anonymous_9)","decl":{"start":{"line":57,"column":139},"end":{"line":57,"column":140}},"loc":{"start":{"line":57,"column":159},"end":{"line":62,"column":17}},"line":57},"10":{"name":"(anonymous_10)","decl":{"start":{"line":85,"column":55},"end":{"line":85,"column":56}},"loc":{"start":{"line":85,"column":67},"end":{"line":241,"column":9}},"line":85},"11":{"name":"(anonymous_11)","decl":{"start":{"line":87,"column":59},"end":{"line":87,"column":60}},"loc":{"start":{"line":87,"column":75},"end":{"line":101,"column":13}},"line":87},"12":{"name":"(anonymous_12)","decl":{"start":{"line":94,"column":23},"end":{"line":94,"column":24}},"loc":{"start":{"line":94,"column":43},"end":{"line":100,"column":17}},"line":94},"13":{"name":"(anonymous_13)","decl":{"start":{"line":103,"column":75},"end":{"line":103,"column":76}},"loc":{"start":{"line":103,"column":91},"end":{"line":117,"column":13}},"line":103},"14":{"name":"(anonymous_14)","decl":{"start":{"line":110,"column":23},"end":{"line":110,"column":24}},"loc":{"start":{"line":110,"column":43},"end":{"line":116,"column":17}},"line":110},"15":{"name":"(anonymous_15)","decl":{"start":{"line":119,"column":58},"end":{"line":119,"column":59}},"loc":{"start":{"line":119,"column":74},"end":{"line":133,"column":13}},"line":119},"16":{"name":"(anonymous_16)","decl":{"start":{"line":126,"column":23},"end":{"line":126,"column":24}},"loc":{"start":{"line":126,"column":43},"end":{"line":132,"column":17}},"line":126},"17":{"name":"(anonymous_17)","decl":{"start":{"line":135,"column":44},"end":{"line":135,"column":45}},"loc":{"start":{"line":135,"column":60},"end":{"line":149,"column":13}},"line":135},"18":{"name":"(anonymous_18)","decl":{"start":{"line":142,"column":23},"end":{"line":142,"column":24}},"loc":{"start":{"line":142,"column":43},"end":{"line":148,"column":17}},"line":142},"19":{"name":"(anonymous_19)","decl":{"start":{"line":151,"column":79},"end":{"line":151,"column":80}},"loc":{"start":{"line":151,"column":95},"end":{"line":163,"column":13}},"line":151},"20":{"name":"(anonymous_20)","decl":{"start":{"line":158,"column":23},"end":{"line":158,"column":24}},"loc":{"start":{"line":158,"column":43},"end":{"line":162,"column":17}},"line":158},"21":{"name":"(anonymous_21)","decl":{"start":{"line":165,"column":79},"end":{"line":165,"column":80}},"loc":{"start":{"line":165,"column":95},"end":{"line":180,"column":13}},"line":165},"22":{"name":"(anonymous_22)","decl":{"start":{"line":172,"column":23},"end":{"line":172,"column":24}},"loc":{"start":{"line":172,"column":43},"end":{"line":179,"column":17}},"line":172},"23":{"name":"(anonymous_23)","decl":{"start":{"line":182,"column":79},"end":{"line":182,"column":80}},"loc":{"start":{"line":182,"column":95},"end":{"line":195,"column":13}},"line":182},"24":{"name":"(anonymous_24)","decl":{"start":{"line":189,"column":23},"end":{"line":189,"column":24}},"loc":{"start":{"line":189,"column":43},"end":{"line":194,"column":17}},"line":189},"25":{"name":"(anonymous_25)","decl":{"start":{"line":197,"column":90},"end":{"line":197,"column":91}},"loc":{"start":{"line":197,"column":106},"end":{"line":209,"column":13}},"line":197},"26":{"name":"(anonymous_26)","decl":{"start":{"line":204,"column":23},"end":{"line":204,"column":24}},"loc":{"start":{"line":204,"column":43},"end":{"line":208,"column":17}},"line":204},"27":{"name":"(anonymous_27)","decl":{"start":{"line":211,"column":51},"end":{"line":211,"column":52}},"loc":{"start":{"line":211,"column":67},"end":{"line":226,"column":13}},"line":211},"28":{"name":"(anonymous_28)","decl":{"start":{"line":218,"column":23},"end":{"line":218,"column":24}},"loc":{"start":{"line":218,"column":43},"end":{"line":225,"column":17}},"line":218},"29":{"name":"(anonymous_29)","decl":{"start":{"line":228,"column":64},"end":{"line":228,"column":65}},"loc":{"start":{"line":228,"column":80},"end":{"line":240,"column":13}},"line":228},"30":{"name":"(anonymous_30)","decl":{"start":{"line":235,"column":23},"end":{"line":235,"column":24}},"loc":{"start":{"line":235,"column":43},"end":{"line":239,"column":17}},"line":235}},"branchMap":{"0":{"loc":{"start":{"line":23,"column":46},"end":{"line":23,"column":92}},"type":"cond-expr","locations":[{"start":{"line":23,"column":70},"end":{"line":23,"column":73}},{"start":{"line":23,"column":76},"end":{"line":23,"column":92}}],"line":23},"1":{"loc":{"start":{"line":23,"column":46},"end":{"line":23,"column":67}},"type":"binary-expr","locations":[{"start":{"line":23,"column":46},"end":{"line":23,"column":49}},{"start":{"line":23,"column":53},"end":{"line":23,"column":67}}],"line":23}},"s":{"0":1,"1":1,"2":1,"3":1,"4":1,"5":1,"6":1,"7":1,"8":1,"9":1,"10":4,"11":1,"12":1,"13":1,"14":1,"15":1,"16":1,"17":1,"18":1,"19":1,"20":1,"21":1,"22":1,"23":1,"24":1,"25":1,"26":1,"27":1,"28":1,"29":1,"30":1,"31":1,"32":1,"33":1,"34":1,"35":1,"36":1,"37":1,"38":1,"39":1,"40":1,"41":1,"42":1,"43":1,"44":1,"45":1,"46":1,"47":1,"48":1,"49":1,"50":1,"51":1,"52":1,"53":1,"54":1,"55":1,"56":1,"57":1,"58":1,"59":1,"60":1,"61":1,"62":1,"63":1,"64":1,"65":1,"66":1,"67":1,"68":1,"69":1,"70":1,"71":1,"72":1,"73":1,"74":1,"75":1,"76":1,"77":1,"78":1,"79":1,"80":1,"81":1,"82":1,"83":1,"84":1,"85":1,"86":1,"87":1,"88":1,"89":1,"90":1,"91":1,"92":1,"93":1,"94":1,"95":1,"96":1,"97":1,"98":1,"99":1,"100":1,"101":1},"f":{"0":4,"1":1,"2":1,"3":1,"4":1,"5":1,"6":1,"7":1,"8":1,"9":1,"10":1,"11":1,"12":1,"13":1,"14":1,"15":1,"16":1,"17":1,"18":1,"19":1,"20":1,"21":1,"22":1,"23":1,"24":1,"25":1,"26":1,"27":1,"28":1,"29":1,"30":1},"b":{"0":[0,4],"1":[4,4]},"_coverageSchema":"332fd63041d2c1bcb487cc26dd0d5f7d97098a6c","hash":"0bd2bd6b42a20d143659abebec0ab003edc53c18","contentHash":"712e039d5615f0fe125bbe2c00df75d9_11.6.0"}}